{"contracts/core/DaoDepositManager.sol":{"l":{"160":167,"161":166,"165":165,"166":165,"174":1,"178":1,"196":99,"197":97,"198":92,"200":5,"203":94,"204":94,"205":94,"206":94,"211":94,"238":3,"242":2,"243":2,"244":6,"271":13,"275":12,"277":12,"279":8,"281":8,"282":3,"283":3,"284":3,"285":3,"287":3,"295":3,"309":60,"310":60,"311":60,"312":73,"313":73,"314":61,"315":61,"316":1,"318":61,"319":61,"321":61,"322":60,"323":60,"324":60,"329":60,"333":60,"352":61,"353":61,"358":61,"359":59,"361":2,"364":61,"366":61,"368":61,"382":61,"383":59,"386":61,"392":61,"394":61,"418":4,"419":4,"420":4,"425":4,"426":6,"429":4,"430":4,"431":6,"432":6,"433":10,"434":6,"438":4,"456":8,"458":8,"459":8,"460":8,"461":8,"462":8,"463":28,"464":28,"465":14,"468":14,"472":8,"486":20,"489":20,"491":20,"492":1,"494":19,"495":3,"496":3,"497":3,"499":16,"502":16,"503":16,"506":19,"507":19,"512":19,"513":3,"514":3,"515":3,"518":3,"519":2,"524":3,"525":3,"530":19,"534":19,"535":19,"537":19,"552":155,"587":6,"588":6,"626":2,"627":2,"628":2,"629":2,"630":2,"631":2,"632":2,"633":2,"634":5,"641":5,"643":2,"658":89,"672":3,"693":3,"694":3,"695":3,"699":2,"703":3,"713":155,"714":6,"716":149,"730":82,"731":80,"732":80,"734":0,"738":2,"739":2,"757":151,"760":149,"762":2,"771":2,"775":1,"783":121,"787":121},"path":"/Users/marvingross/Documents/develop/curve/deals-contracts/contracts/core/DaoDepositManager.sol","s":{"1":167,"2":166,"3":165,"4":165,"5":1,"6":1,"7":99,"8":97,"9":92,"10":5,"11":94,"12":94,"13":94,"14":94,"15":94,"16":3,"17":2,"18":2,"19":6,"20":13,"21":12,"22":12,"23":8,"24":8,"25":3,"26":3,"27":3,"28":3,"29":3,"30":3,"31":60,"32":60,"33":60,"34":73,"35":73,"36":61,"37":61,"38":1,"39":61,"40":61,"41":61,"42":60,"43":60,"44":60,"45":60,"46":61,"47":61,"48":61,"49":59,"50":2,"51":61,"52":61,"53":61,"54":61,"55":59,"56":61,"57":61,"58":4,"59":4,"60":4,"61":4,"62":6,"63":4,"64":4,"65":6,"66":6,"67":10,"68":6,"69":4,"70":8,"71":8,"72":8,"73":8,"74":8,"75":8,"76":28,"77":28,"78":14,"79":8,"80":20,"81":20,"82":20,"83":1,"84":19,"85":3,"86":3,"87":16,"88":16,"89":16,"90":19,"91":19,"92":19,"93":3,"94":3,"95":3,"96":3,"97":2,"98":3,"99":19,"100":19,"101":19,"102":19,"103":155,"104":6,"105":6,"106":2,"107":2,"108":2,"109":2,"110":2,"111":2,"112":2,"113":2,"114":5,"115":2,"116":89,"117":3,"118":3,"119":3,"120":3,"121":2,"122":3,"123":155,"124":6,"125":149,"126":82,"127":80,"128":80,"129":0,"130":2,"131":2,"132":151,"133":149,"134":2,"135":2,"136":121},"b":{"1":[166,1],"2":[165,1],"3":[1,0],"4":[97,2],"5":[92,5],"6":[4,1],"7":[2,1],"8":[12,1],"9":[8,4],"10":[3,5],"11":[61,12],"12":[1,60],"13":[60,1],"14":[60,0],"15":[61,0],"16":[61,0],"17":[59,2],"18":[2,0],"19":[59,2],"20":[6,4],"21":[8,0],"22":[14,14],"23":[20,0],"24":[1,19],"25":[3,16],"26":[3,16],"27":[3,0],"28":[2,1],"29":[19,0],"30":[155,0],"31":[2,1],"32":[6,149],"33":[80,2],"34":[80,0],"35":[2,0],"36":[149,0],"37":[1,1],"38":[121,0]},"f":{"1":167,"2":1,"3":99,"4":3,"5":13,"6":60,"7":61,"8":4,"9":8,"10":20,"11":155,"12":6,"13":2,"14":89,"15":3,"16":3,"17":155,"18":82,"19":151,"20":2,"21":121,"22":0},"fnMap":{"1":{"name":"initialize","line":159,"loc":{"start":{"line":159,"column":4},"end":{"line":167,"column":4}}},"2":{"name":"setDealManager","line":173,"loc":{"start":{"line":173,"column":4},"end":{"line":179,"column":4}}},"3":{"name":"deposit","line":190,"loc":{"start":{"line":190,"column":4},"end":{"line":219,"column":4}}},"4":{"name":"multipleDeposits","line":232,"loc":{"start":{"line":232,"column":4},"end":{"line":246,"column":4}}},"5":{"name":"withdraw","line":259,"loc":{"start":{"line":259,"column":4},"end":{"line":296,"column":4}}},"6":{"name":"sendToModule","line":308,"loc":{"start":{"line":304,"column":4},"end":{"line":334,"column":4}}},"7":{"name":"startVesting","line":351,"loc":{"start":{"line":345,"column":4},"end":{"line":404,"column":4}}},"8":{"name":"claimVestings","line":414,"loc":{"start":{"line":414,"column":4},"end":{"line":439,"column":4}}},"9":{"name":"claimDealVestings","line":452,"loc":{"start":{"line":452,"column":4},"end":{"line":473,"column":4}}},"10":{"name":"sendReleasableClaim","line":482,"loc":{"start":{"line":482,"column":4},"end":{"line":545,"column":4}}},"11":{"name":"verifyBalance","line":551,"loc":{"start":{"line":551,"column":4},"end":{"line":557,"column":4}}},"12":{"name":"getDeposit","line":572,"loc":{"start":{"line":572,"column":4},"end":{"line":589,"column":4}}},"13":{"name":"getDepositRange","line":610,"loc":{"start":{"line":610,"column":4},"end":{"line":644,"column":4}}},"14":{"name":"getAvailableDealBalance","line":653,"loc":{"start":{"line":653,"column":4},"end":{"line":659,"column":4}}},"15":{"name":"getTotalDepositCount","line":667,"loc":{"start":{"line":667,"column":4},"end":{"line":673,"column":4}}},"16":{"name":"getWithdrawableAmountOfDepositor","line":687,"loc":{"start":{"line":687,"column":4},"end":{"line":704,"column":4}}},"17":{"name":"getBalance","line":712,"loc":{"start":{"line":712,"column":4},"end":{"line":717,"column":4}}},"18":{"name":"_transfer","line":725,"loc":{"start":{"line":725,"column":4},"end":{"line":741,"column":4}}},"19":{"name":"_transferFrom","line":751,"loc":{"start":{"line":751,"column":4},"end":{"line":764,"column":4}}},"20":{"name":"onlyDealManager","line":770,"loc":{"start":{"line":770,"column":4},"end":{"line":776,"column":4}}},"21":{"name":"onlyModule","line":782,"loc":{"start":{"line":782,"column":4},"end":{"line":788,"column":4}}},"22":{"name":null,"line":790,"loc":{"start":{"line":790,"column":4},"end":{"line":790,"column":33}}}},"statementMap":{"1":{"start":{"line":160,"column":8},"end":{"line":160,"column":65}},"2":{"start":{"line":161,"column":8},"end":{"line":161,"column":6712}},"3":{"start":{"line":165,"column":8},"end":{"line":165,"column":17}},"4":{"start":{"line":166,"column":8},"end":{"line":166,"column":45}},"5":{"start":{"line":174,"column":8},"end":{"line":174,"column":7149}},"6":{"start":{"line":178,"column":8},"end":{"line":178,"column":50}},"7":{"start":{"line":196,"column":8},"end":{"line":196,"column":60}},"8":{"start":{"line":197,"column":8},"end":{"line":197,"column":8123}},"9":{"start":{"line":198,"column":12},"end":{"line":198,"column":68}},"10":{"start":{"line":200,"column":12},"end":{"line":200,"column":72}},"11":{"start":{"line":203,"column":8},"end":{"line":203,"column":39}},"12":{"start":{"line":204,"column":8},"end":{"line":204,"column":65}},"13":{"start":{"line":205,"column":8},"end":{"line":205,"column":28}},"14":{"start":{"line":206,"column":8},"end":{"line":206,"column":8474}},"15":{"start":{"line":211,"column":8},"end":{"line":211,"column":8663}},"16":{"start":{"line":238,"column":8},"end":{"line":238,"column":9848}},"17":{"start":{"line":242,"column":8},"end":{"line":242,"column":49}},"18":{"start":{"line":243,"column":8},"end":{"line":243,"column":10017}},"19":{"start":{"line":244,"column":12},"end":{"line":244,"column":61}},"20":{"start":{"line":271,"column":8},"end":{"line":271,"column":11035}},"21":{"start":{"line":275,"column":8},"end":{"line":275,"column":66}},"22":{"start":{"line":277,"column":8},"end":{"line":277,"column":73}},"23":{"start":{"line":279,"column":8},"end":{"line":279,"column":46}},"24":{"start":{"line":281,"column":8},"end":{"line":281,"column":63}},"25":{"start":{"line":282,"column":8},"end":{"line":282,"column":24}},"26":{"start":{"line":283,"column":8},"end":{"line":283,"column":69}},"27":{"start":{"line":284,"column":8},"end":{"line":284,"column":43}},"28":{"start":{"line":285,"column":8},"end":{"line":285,"column":50}},"29":{"start":{"line":287,"column":8},"end":{"line":287,"column":11692}},"30":{"start":{"line":295,"column":8},"end":{"line":295,"column":49}},"31":{"start":{"line":309,"column":8},"end":{"line":309,"column":36}},"32":{"start":{"line":310,"column":8},"end":{"line":310,"column":73}},"33":{"start":{"line":311,"column":8},"end":{"line":311,"column":12453}},"34":{"start":{"line":312,"column":12},"end":{"line":312,"column":64}},"35":{"start":{"line":313,"column":12},"end":{"line":313,"column":12582}},"36":{"start":{"line":314,"column":16},"end":{"line":314,"column":54}},"37":{"start":{"line":315,"column":16},"end":{"line":315,"column":12683}},"38":{"start":{"line":316,"column":20},"end":{"line":316,"column":42}},"39":{"start":{"line":318,"column":16},"end":{"line":318,"column":39}},"40":{"start":{"line":319,"column":16},"end":{"line":319,"column":35}},"41":{"start":{"line":321,"column":16},"end":{"line":321,"column":12874}},"42":{"start":{"line":322,"column":20},"end":{"line":322,"column":57}},"43":{"start":{"line":323,"column":20},"end":{"line":323,"column":51}},"44":{"start":{"line":324,"column":20},"end":{"line":324,"column":13046}},"45":{"start":{"line":333,"column":8},"end":{"line":333,"column":63}},"46":{"start":{"line":352,"column":8},"end":{"line":352,"column":60}},"47":{"start":{"line":353,"column":8},"end":{"line":353,"column":14227}},"48":{"start":{"line":358,"column":8},"end":{"line":358,"column":14346}},"49":{"start":{"line":359,"column":12},"end":{"line":359,"column":68}},"50":{"start":{"line":361,"column":12},"end":{"line":361,"column":72}},"51":{"start":{"line":364,"column":8},"end":{"line":364,"column":40}},"52":{"start":{"line":366,"column":8},"end":{"line":366,"column":28}},"53":{"start":{"line":368,"column":8},"end":{"line":368,"column":14632}},"54":{"start":{"line":382,"column":8},"end":{"line":382,"column":14990}},"55":{"start":{"line":383,"column":12},"end":{"line":383,"column":44}},"56":{"start":{"line":386,"column":8},"end":{"line":386,"column":44}},"57":{"start":{"line":394,"column":8},"end":{"line":394,"column":15408}},"58":{"start":{"line":418,"column":8},"end":{"line":418,"column":58}},"59":{"start":{"line":419,"column":8},"end":{"line":419,"column":43}},"60":{"start":{"line":420,"column":8},"end":{"line":420,"column":44}},"61":{"start":{"line":425,"column":8},"end":{"line":425,"column":16626}},"62":{"start":{"line":426,"column":12},"end":{"line":426,"column":46}},"63":{"start":{"line":429,"column":8},"end":{"line":429,"column":52}},"64":{"start":{"line":430,"column":8},"end":{"line":430,"column":16789}},"65":{"start":{"line":431,"column":12},"end":{"line":431,"column":78}},"66":{"start":{"line":432,"column":12},"end":{"line":432,"column":16932}},"67":{"start":{"line":433,"column":16},"end":{"line":433,"column":16993}},"68":{"start":{"line":434,"column":20},"end":{"line":434,"column":39}},"69":{"start":{"line":438,"column":8},"end":{"line":438,"column":32}},"70":{"start":{"line":456,"column":8},"end":{"line":456,"column":64}},"71":{"start":{"line":458,"column":8},"end":{"line":458,"column":45}},"72":{"start":{"line":459,"column":8},"end":{"line":459,"column":46}},"73":{"start":{"line":460,"column":8},"end":{"line":460,"column":23}},"74":{"start":{"line":461,"column":8},"end":{"line":461,"column":18176}},"75":{"start":{"line":462,"column":12},"end":{"line":462,"column":18219}},"76":{"start":{"line":463,"column":16},"end":{"line":463,"column":47}},"77":{"start":{"line":464,"column":16},"end":{"line":464,"column":18332}},"78":{"start":{"line":465,"column":20},"end":{"line":465,"column":18410}},"79":{"start":{"line":472,"column":8},"end":{"line":472,"column":32}},"80":{"start":{"line":486,"column":8},"end":{"line":486,"column":19139}},"81":{"start":{"line":489,"column":12},"end":{"line":489,"column":79}},"82":{"start":{"line":491,"column":12},"end":{"line":491,"column":19384}},"83":{"start":{"line":492,"column":16},"end":{"line":492,"column":41}},"84":{"start":{"line":494,"column":12},"end":{"line":494,"column":19491}},"85":{"start":{"line":495,"column":16},"end":{"line":495,"column":66}},"86":{"start":{"line":496,"column":16},"end":{"line":496,"column":57}},"87":{"start":{"line":499,"column":16},"end":{"line":499,"column":19800}},"88":{"start":{"line":502,"column":16},"end":{"line":502,"column":45}},"89":{"start":{"line":503,"column":16},"end":{"line":503,"column":45}},"90":{"start":{"line":506,"column":12},"end":{"line":506,"column":32}},"91":{"start":{"line":507,"column":12},"end":{"line":507,"column":46}},"92":{"start":{"line":512,"column":12},"end":{"line":512,"column":20258}},"93":{"start":{"line":513,"column":16},"end":{"line":513,"column":60}},"94":{"start":{"line":514,"column":16},"end":{"line":514,"column":20378}},"95":{"start":{"line":515,"column":20},"end":{"line":515,"column":20437}},"96":{"start":{"line":518,"column":24},"end":{"line":518,"column":20622}},"97":{"start":{"line":519,"column":28},"end":{"line":519,"column":20677}},"98":{"start":{"line":524,"column":24},"end":{"line":524,"column":49}},"99":{"start":{"line":530,"column":12},"end":{"line":530,"column":21011}},"100":{"start":{"line":534,"column":12},"end":{"line":534,"column":42}},"101":{"start":{"line":535,"column":12},"end":{"line":535,"column":40}},"102":{"start":{"line":537,"column":12},"end":{"line":537,"column":21245}},"103":{"start":{"line":552,"column":8},"end":{"line":552,"column":21679}},"104":{"start":{"line":587,"column":8},"end":{"line":587,"column":65}},"105":{"start":{"line":588,"column":8},"end":{"line":588,"column":70}},"106":{"start":{"line":626,"column":8},"end":{"line":626,"column":56}},"107":{"start":{"line":627,"column":8},"end":{"line":627,"column":40}},"108":{"start":{"line":628,"column":8},"end":{"line":628,"column":36}},"109":{"start":{"line":629,"column":8},"end":{"line":629,"column":37}},"110":{"start":{"line":630,"column":8},"end":{"line":630,"column":41}},"111":{"start":{"line":631,"column":8},"end":{"line":631,"column":35}},"112":{"start":{"line":632,"column":8},"end":{"line":632,"column":21}},"113":{"start":{"line":633,"column":8},"end":{"line":633,"column":25089}},"114":{"start":{"line":634,"column":12},"end":{"line":634,"column":25197}},"115":{"start":{"line":643,"column":8},"end":{"line":643,"column":64}},"116":{"start":{"line":658,"column":8},"end":{"line":658,"column":62}},"117":{"start":{"line":672,"column":8},"end":{"line":672,"column":56}},"118":{"start":{"line":693,"column":8},"end":{"line":693,"column":26}},"119":{"start":{"line":694,"column":8},"end":{"line":694,"column":27693}},"120":{"start":{"line":695,"column":12},"end":{"line":695,"column":27771}},"121":{"start":{"line":699,"column":16},"end":{"line":699,"column":27985}},"122":{"start":{"line":703,"column":8},"end":{"line":703,"column":25}},"123":{"start":{"line":713,"column":8},"end":{"line":713,"column":28522}},"124":{"start":{"line":714,"column":12},"end":{"line":714,"column":40}},"125":{"start":{"line":716,"column":8},"end":{"line":716,"column":54}},"126":{"start":{"line":730,"column":8},"end":{"line":730,"column":29122}},"127":{"start":{"line":731,"column":12},"end":{"line":731,"column":29166}},"128":{"start":{"line":732,"column":16},"end":{"line":732,"column":63}},"129":{"start":{"line":734,"column":16},"end":{"line":734,"column":53}},"130":{"start":{"line":738,"column":12},"end":{"line":738,"column":56}},"131":{"start":{"line":739,"column":12},"end":{"line":739,"column":56}},"132":{"start":{"line":757,"column":8},"end":{"line":757,"column":30230}},"133":{"start":{"line":760,"column":12},"end":{"line":760,"column":59}},"134":{"start":{"line":762,"column":12},"end":{"line":762,"column":49}},"135":{"start":{"line":771,"column":8},"end":{"line":771,"column":30664}},"136":{"start":{"line":783,"column":8},"end":{"line":783,"column":30963}}},"branchMap":{"1":{"line":160,"type":"if","locations":[{"start":{"line":160,"column":8},"end":{"line":160,"column":8}},{"start":{"line":160,"column":8},"end":{"line":160,"column":8}}]},"2":{"line":161,"type":"if","locations":[{"start":{"line":161,"column":8},"end":{"line":161,"column":8}},{"start":{"line":161,"column":8},"end":{"line":161,"column":8}}]},"3":{"line":174,"type":"if","locations":[{"start":{"line":174,"column":8},"end":{"line":174,"column":8}},{"start":{"line":174,"column":8},"end":{"line":174,"column":8}}]},"4":{"line":196,"type":"if","locations":[{"start":{"line":196,"column":8},"end":{"line":196,"column":8}},{"start":{"line":196,"column":8},"end":{"line":196,"column":8}}]},"5":{"line":197,"type":"if","locations":[{"start":{"line":197,"column":8},"end":{"line":197,"column":8}},{"start":{"line":197,"column":8},"end":{"line":197,"column":8}}]},"6":{"line":200,"type":"if","locations":[{"start":{"line":200,"column":12},"end":{"line":200,"column":12}},{"start":{"line":200,"column":12},"end":{"line":200,"column":12}}]},"7":{"line":238,"type":"if","locations":[{"start":{"line":238,"column":8},"end":{"line":238,"column":8}},{"start":{"line":238,"column":8},"end":{"line":238,"column":8}}]},"8":{"line":271,"type":"if","locations":[{"start":{"line":271,"column":8},"end":{"line":271,"column":8}},{"start":{"line":271,"column":8},"end":{"line":271,"column":8}}]},"9":{"line":277,"type":"if","locations":[{"start":{"line":277,"column":8},"end":{"line":277,"column":8}},{"start":{"line":277,"column":8},"end":{"line":277,"column":8}}]},"10":{"line":281,"type":"if","locations":[{"start":{"line":281,"column":8},"end":{"line":281,"column":8}},{"start":{"line":281,"column":8},"end":{"line":281,"column":8}}]},"11":{"line":313,"type":"if","locations":[{"start":{"line":313,"column":12},"end":{"line":313,"column":12}},{"start":{"line":313,"column":12},"end":{"line":313,"column":12}}]},"12":{"line":315,"type":"if","locations":[{"start":{"line":315,"column":16},"end":{"line":315,"column":16}},{"start":{"line":315,"column":16},"end":{"line":315,"column":16}}]},"13":{"line":321,"type":"if","locations":[{"start":{"line":321,"column":16},"end":{"line":321,"column":16}},{"start":{"line":321,"column":16},"end":{"line":321,"column":16}}]},"14":{"line":333,"type":"if","locations":[{"start":{"line":333,"column":8},"end":{"line":333,"column":8}},{"start":{"line":333,"column":8},"end":{"line":333,"column":8}}]},"15":{"line":352,"type":"if","locations":[{"start":{"line":352,"column":8},"end":{"line":352,"column":8}},{"start":{"line":352,"column":8},"end":{"line":352,"column":8}}]},"16":{"line":353,"type":"if","locations":[{"start":{"line":353,"column":8},"end":{"line":353,"column":8}},{"start":{"line":353,"column":8},"end":{"line":353,"column":8}}]},"17":{"line":358,"type":"if","locations":[{"start":{"line":358,"column":8},"end":{"line":358,"column":8}},{"start":{"line":358,"column":8},"end":{"line":358,"column":8}}]},"18":{"line":361,"type":"if","locations":[{"start":{"line":361,"column":12},"end":{"line":361,"column":12}},{"start":{"line":361,"column":12},"end":{"line":361,"column":12}}]},"19":{"line":382,"type":"if","locations":[{"start":{"line":382,"column":8},"end":{"line":382,"column":8}},{"start":{"line":382,"column":8},"end":{"line":382,"column":8}}]},"20":{"line":433,"type":"if","locations":[{"start":{"line":433,"column":16},"end":{"line":433,"column":16}},{"start":{"line":433,"column":16},"end":{"line":433,"column":16}}]},"21":{"line":461,"type":"if","locations":[{"start":{"line":461,"column":8},"end":{"line":461,"column":8}},{"start":{"line":461,"column":8},"end":{"line":461,"column":8}}]},"22":{"line":464,"type":"if","locations":[{"start":{"line":464,"column":16},"end":{"line":464,"column":16}},{"start":{"line":464,"column":16},"end":{"line":464,"column":16}}]},"23":{"line":486,"type":"if","locations":[{"start":{"line":486,"column":8},"end":{"line":486,"column":8}},{"start":{"line":486,"column":8},"end":{"line":486,"column":8}}]},"24":{"line":491,"type":"if","locations":[{"start":{"line":491,"column":12},"end":{"line":491,"column":12}},{"start":{"line":491,"column":12},"end":{"line":491,"column":12}}]},"25":{"line":494,"type":"if","locations":[{"start":{"line":494,"column":12},"end":{"line":494,"column":12}},{"start":{"line":494,"column":12},"end":{"line":494,"column":12}}]},"26":{"line":512,"type":"if","locations":[{"start":{"line":512,"column":12},"end":{"line":512,"column":12}},{"start":{"line":512,"column":12},"end":{"line":512,"column":12}}]},"27":{"line":515,"type":"if","locations":[{"start":{"line":515,"column":20},"end":{"line":515,"column":20}},{"start":{"line":515,"column":20},"end":{"line":515,"column":20}}]},"28":{"line":518,"type":"if","locations":[{"start":{"line":518,"column":24},"end":{"line":518,"column":24}},{"start":{"line":518,"column":24},"end":{"line":518,"column":24}}]},"29":{"line":530,"type":"if","locations":[{"start":{"line":530,"column":12},"end":{"line":530,"column":12}},{"start":{"line":530,"column":12},"end":{"line":530,"column":12}}]},"30":{"line":552,"type":"if","locations":[{"start":{"line":552,"column":8},"end":{"line":552,"column":8}},{"start":{"line":552,"column":8},"end":{"line":552,"column":8}}]},"31":{"line":695,"type":"if","locations":[{"start":{"line":695,"column":12},"end":{"line":695,"column":12}},{"start":{"line":695,"column":12},"end":{"line":695,"column":12}}]},"32":{"line":713,"type":"if","locations":[{"start":{"line":713,"column":8},"end":{"line":713,"column":8}},{"start":{"line":713,"column":8},"end":{"line":713,"column":8}}]},"33":{"line":730,"type":"if","locations":[{"start":{"line":730,"column":8},"end":{"line":730,"column":8}},{"start":{"line":730,"column":8},"end":{"line":730,"column":8}}]},"34":{"line":732,"type":"if","locations":[{"start":{"line":732,"column":16},"end":{"line":732,"column":16}},{"start":{"line":732,"column":16},"end":{"line":732,"column":16}}]},"35":{"line":739,"type":"if","locations":[{"start":{"line":739,"column":12},"end":{"line":739,"column":12}},{"start":{"line":739,"column":12},"end":{"line":739,"column":12}}]},"36":{"line":760,"type":"if","locations":[{"start":{"line":760,"column":12},"end":{"line":760,"column":12}},{"start":{"line":760,"column":12},"end":{"line":760,"column":12}}]},"37":{"line":771,"type":"if","locations":[{"start":{"line":771,"column":8},"end":{"line":771,"column":8}},{"start":{"line":771,"column":8},"end":{"line":771,"column":8}}]},"38":{"line":783,"type":"if","locations":[{"start":{"line":783,"column":8},"end":{"line":783,"column":8}},{"start":{"line":783,"column":8},"end":{"line":783,"column":8}}]}}},"contracts/core/DealManager.sol":{"l":{"51":7,"56":6,"60":5,"61":5,"73":6,"78":5,"85":0,"89":0,"97":5,"101":4,"106":3,"114":2,"119":1,"127":165,"131":163,"135":162,"139":162,"140":162,"141":162,"145":162,"146":162,"155":202,"164":470},"path":"/Users/marvingross/Documents/develop/curve/deals-contracts/contracts/core/DealManager.sol","s":{"1":7,"2":6,"3":5,"4":5,"5":6,"6":5,"7":0,"8":0,"9":5,"10":4,"11":3,"12":2,"13":1,"14":165,"15":163,"16":162,"17":162,"18":162,"19":162,"20":162,"21":162,"22":202,"23":470},"b":{"1":[6,1],"2":[5,1],"3":[5,1],"4":[0,0],"5":[4,1],"6":[3,1],"7":[1,1],"8":[163,2],"9":[162,1],"10":[162,0],"11":[162,0]},"f":{"1":7,"2":6,"3":0,"4":5,"5":2,"6":165,"7":202,"8":470},"fnMap":{"1":{"name":"constructor","line":50,"loc":{"start":{"line":50,"column":4},"end":{"line":62,"column":4}}},"2":{"name":"setDaoDepositManagerImplementation","line":70,"loc":{"start":{"line":68,"column":4},"end":{"line":79,"column":4}}},"3":{"name":"setDealManagerInModule","line":83,"loc":{"start":{"line":81,"column":4},"end":{"line":90,"column":4}}},"4":{"name":"activateModule","line":96,"loc":{"start":{"line":96,"column":4},"end":{"line":107,"column":4}}},"5":{"name":"deactivateModule","line":113,"loc":{"start":{"line":113,"column":4},"end":{"line":120,"column":4}}},"6":{"name":"createDaoDepositManager","line":126,"loc":{"start":{"line":126,"column":4},"end":{"line":147,"column":4}}},"7":{"name":"hasDaoDepositManager","line":154,"loc":{"start":{"line":154,"column":4},"end":{"line":156,"column":4}}},"8":{"name":"getDaoDepositManager","line":163,"loc":{"start":{"line":163,"column":4},"end":{"line":165,"column":4}}}},"statementMap":{"1":{"start":{"line":51,"column":8},"end":{"line":51,"column":1980}},"2":{"start":{"line":56,"column":8},"end":{"line":56,"column":2146}},"3":{"start":{"line":60,"column":8},"end":{"line":60,"column":59}},"4":{"start":{"line":61,"column":8},"end":{"line":61,"column":19}},"5":{"start":{"line":73,"column":8},"end":{"line":73,"column":2718}},"6":{"start":{"line":78,"column":8},"end":{"line":78,"column":59}},"7":{"start":{"line":85,"column":8},"end":{"line":85,"column":3072}},"8":{"start":{"line":89,"column":8},"end":{"line":89,"column":66}},"9":{"start":{"line":97,"column":8},"end":{"line":97,"column":3504}},"10":{"start":{"line":101,"column":8},"end":{"line":101,"column":3646}},"11":{"start":{"line":106,"column":8},"end":{"line":106,"column":38}},"12":{"start":{"line":114,"column":8},"end":{"line":114,"column":4044}},"13":{"start":{"line":119,"column":8},"end":{"line":119,"column":39}},"14":{"start":{"line":127,"column":8},"end":{"line":127,"column":4452}},"15":{"start":{"line":131,"column":8},"end":{"line":131,"column":4574}},"16":{"start":{"line":135,"column":8},"end":{"line":135,"column":4690}},"17":{"start":{"line":139,"column":8},"end":{"line":139,"column":75}},"18":{"start":{"line":140,"column":8},"end":{"line":140,"column":55}},"19":{"start":{"line":141,"column":8},"end":{"line":141,"column":4949}},"20":{"start":{"line":145,"column":8},"end":{"line":145,"column":44}},"21":{"start":{"line":146,"column":8},"end":{"line":146,"column":56}},"22":{"start":{"line":155,"column":8},"end":{"line":155,"column":70}},"23":{"start":{"line":164,"column":8},"end":{"line":164,"column":38}}},"branchMap":{"1":{"line":51,"type":"if","locations":[{"start":{"line":51,"column":8},"end":{"line":51,"column":8}},{"start":{"line":51,"column":8},"end":{"line":51,"column":8}}]},"2":{"line":56,"type":"if","locations":[{"start":{"line":56,"column":8},"end":{"line":56,"column":8}},{"start":{"line":56,"column":8},"end":{"line":56,"column":8}}]},"3":{"line":73,"type":"if","locations":[{"start":{"line":73,"column":8},"end":{"line":73,"column":8}},{"start":{"line":73,"column":8},"end":{"line":73,"column":8}}]},"4":{"line":85,"type":"if","locations":[{"start":{"line":85,"column":8},"end":{"line":85,"column":8}},{"start":{"line":85,"column":8},"end":{"line":85,"column":8}}]},"5":{"line":97,"type":"if","locations":[{"start":{"line":97,"column":8},"end":{"line":97,"column":8}},{"start":{"line":97,"column":8},"end":{"line":97,"column":8}}]},"6":{"line":101,"type":"if","locations":[{"start":{"line":101,"column":8},"end":{"line":101,"column":8}},{"start":{"line":101,"column":8},"end":{"line":101,"column":8}}]},"7":{"line":114,"type":"if","locations":[{"start":{"line":114,"column":8},"end":{"line":114,"column":8}},{"start":{"line":114,"column":8},"end":{"line":114,"column":8}}]},"8":{"line":127,"type":"if","locations":[{"start":{"line":127,"column":8},"end":{"line":127,"column":8}},{"start":{"line":127,"column":8},"end":{"line":127,"column":8}}]},"9":{"line":131,"type":"if","locations":[{"start":{"line":131,"column":8},"end":{"line":131,"column":8}},{"start":{"line":131,"column":8},"end":{"line":131,"column":8}}]},"10":{"line":135,"type":"if","locations":[{"start":{"line":135,"column":8},"end":{"line":135,"column":8}},{"start":{"line":135,"column":8},"end":{"line":135,"column":8}}]},"11":{"line":141,"type":"if","locations":[{"start":{"line":141,"column":8},"end":{"line":141,"column":8}},{"start":{"line":141,"column":8},"end":{"line":141,"column":8}}]}}},"contracts/modules/BlueprintModule.sol":{"l":{"44":0,"46":0,"51":0,"59":0,"60":0,"61":0,"62":0,"71":0,"72":0,"73":0,"74":0,"77":0,"86":0,"87":0,"88":0,"91":0,"99":0,"101":0,"106":0,"107":0,"108":0,"112":0,"113":0,"117":0,"118":0},"path":"/Users/marvingross/Documents/develop/curve/deals-contracts/contracts/modules/BlueprintModule.sol","s":{"1":0,"2":0,"3":0,"4":0,"5":0,"6":0,"7":0,"8":0,"9":0,"10":0,"11":0,"12":0,"13":0,"14":0,"15":0,"16":0,"17":0,"18":0,"19":0,"20":0,"21":0,"22":0,"23":0},"b":{"1":[0,0],"2":[0,0],"3":[0,0],"4":[0,0],"5":[0,0],"6":[0,0],"7":[0,0]},"f":{"1":0,"2":0,"3":0,"4":0,"5":0,"6":0,"7":0},"fnMap":{"1":{"name":"constructor","line":32,"loc":{"start":{"line":31,"column":4},"end":{"line":36,"column":4}}},"2":{"name":"createAction","line":38,"loc":{"start":{"line":38,"column":4},"end":{"line":63,"column":4}}},"3":{"name":"createDepositContractsAndCreateAction","line":65,"loc":{"start":{"line":65,"column":4},"end":{"line":78,"column":4}}},"4":{"name":"checkExecutability","line":83,"loc":{"start":{"line":80,"column":4},"end":{"line":92,"column":4}}},"5":{"name":"executeAction","line":97,"loc":{"start":{"line":94,"column":4},"end":{"line":109,"column":4}}},"6":{"name":"validId","line":111,"loc":{"start":{"line":111,"column":4},"end":{"line":114,"column":4}}},"7":{"name":"isNotExecuted","line":116,"loc":{"start":{"line":116,"column":4},"end":{"line":119,"column":4}}}},"statementMap":{"1":{"start":{"line":44,"column":8},"end":{"line":44,"column":69}},"2":{"start":{"line":46,"column":8},"end":{"line":46,"column":1030}},"3":{"start":{"line":51,"column":8},"end":{"line":51,"column":1176}},"4":{"start":{"line":59,"column":8},"end":{"line":59,"column":36}},"5":{"start":{"line":60,"column":8},"end":{"line":60,"column":49}},"6":{"start":{"line":61,"column":8},"end":{"line":61,"column":64}},"7":{"start":{"line":62,"column":8},"end":{"line":62,"column":17}},"8":{"start":{"line":71,"column":8},"end":{"line":71,"column":70}},"9":{"start":{"line":72,"column":8},"end":{"line":72,"column":1809}},"10":{"start":{"line":73,"column":12},"end":{"line":73,"column":1866}},"11":{"start":{"line":74,"column":16},"end":{"line":74,"column":60}},"12":{"start":{"line":77,"column":8},"end":{"line":77,"column":20}},"13":{"start":{"line":86,"column":8},"end":{"line":86,"column":53}},"14":{"start":{"line":87,"column":8},"end":{"line":87,"column":2215}},"15":{"start":{"line":88,"column":12},"end":{"line":88,"column":24}},"16":{"start":{"line":91,"column":8},"end":{"line":91,"column":19}},"17":{"start":{"line":99,"column":8},"end":{"line":99,"column":52}},"18":{"start":{"line":101,"column":8},"end":{"line":101,"column":2482}},"19":{"start":{"line":106,"column":8},"end":{"line":106,"column":34}},"20":{"start":{"line":107,"column":8},"end":{"line":107,"column":48}},"21":{"start":{"line":108,"column":8},"end":{"line":108,"column":32}},"22":{"start":{"line":112,"column":8},"end":{"line":112,"column":67}},"23":{"start":{"line":117,"column":8},"end":{"line":117,"column":72}}},"branchMap":{"1":{"line":44,"type":"if","locations":[{"start":{"line":44,"column":8},"end":{"line":44,"column":8}},{"start":{"line":44,"column":8},"end":{"line":44,"column":8}}]},"2":{"line":46,"type":"if","locations":[{"start":{"line":46,"column":8},"end":{"line":46,"column":8}},{"start":{"line":46,"column":8},"end":{"line":46,"column":8}}]},"3":{"line":73,"type":"if","locations":[{"start":{"line":73,"column":12},"end":{"line":73,"column":12}},{"start":{"line":73,"column":12},"end":{"line":73,"column":12}}]},"4":{"line":87,"type":"if","locations":[{"start":{"line":87,"column":8},"end":{"line":87,"column":8}},{"start":{"line":87,"column":8},"end":{"line":87,"column":8}}]},"5":{"line":101,"type":"if","locations":[{"start":{"line":101,"column":8},"end":{"line":101,"column":8}},{"start":{"line":101,"column":8},"end":{"line":101,"column":8}}]},"6":{"line":112,"type":"if","locations":[{"start":{"line":112,"column":8},"end":{"line":112,"column":8}},{"start":{"line":112,"column":8},"end":{"line":112,"column":8}}]},"7":{"line":117,"type":"if","locations":[{"start":{"line":117,"column":8},"end":{"line":117,"column":8}},{"start":{"line":117,"column":8},"end":{"line":117,"column":8}}]}}},"contracts/modules/jointventure/JointVenture.sol":{"l":{"75":0,"79":0,"80":0,"84":0,"110":0,"112":0,"117":0,"123":0,"133":0,"134":0,"136":0,"146":0,"173":0,"174":0,"175":0,"178":0,"201":0,"203":0,"204":0,"207":0,"208":0,"210":0,"211":0,"216":0,"225":0,"230":0,"242":0,"244":0,"247":0,"255":0,"258":0,"260":0,"261":0,"262":0,"275":0,"287":0,"292":0,"293":0,"307":0,"308":0,"309":0,"311":0,"312":0,"313":0,"319":0,"323":0,"327":0,"331":0},"path":"/Users/marvingross/Documents/develop/curve/deals-contracts/contracts/modules/jointventure/JointVenture.sol","s":{"1":0,"2":0,"3":0,"4":0,"5":0,"6":0,"7":0,"8":0,"9":0,"10":0,"11":0,"12":0,"13":0,"14":0,"15":0,"16":0,"17":0,"18":0,"19":0,"20":0,"21":0,"22":0,"23":0,"24":0,"25":0,"26":0,"27":0,"28":0,"29":0,"30":0,"31":0,"32":0,"33":0,"34":0,"35":0,"36":0,"37":0,"38":0,"39":0,"40":0,"41":0,"42":0,"43":0,"44":0,"45":0,"46":0},"b":{"1":[0,0],"2":[0,0],"3":[0,0],"4":[0,0],"5":[0,0],"6":[0,0],"7":[0,0],"8":[0,0],"9":[0,0],"10":[0,0],"11":[0,0],"12":[0,0],"13":[0,0],"14":[0,0],"15":[0,0]},"f":{"1":0,"2":0,"3":0,"4":0,"5":0,"6":0,"7":0,"8":0,"9":0},"fnMap":{"1":{"name":"constructor","line":74,"loc":{"start":{"line":70,"column":4},"end":{"line":85,"column":4}}},"2":{"name":"createJointVentureAction","line":102,"loc":{"start":{"line":102,"column":4},"end":{"line":147,"column":4}}},"3":{"name":"createDepositContractsAndCreateJointVentureAction","line":165,"loc":{"start":{"line":165,"column":4},"end":{"line":187,"column":4}}},"4":{"name":"checkExecutability","line":198,"loc":{"start":{"line":195,"column":4},"end":{"line":231,"column":4}}},"5":{"name":"executeJointVentureAction","line":240,"loc":{"start":{"line":237,"column":4},"end":{"line":263,"column":4}}},"6":{"name":"_deploySafe","line":271,"loc":{"start":{"line":271,"column":4},"end":{"line":294,"column":4}}},"7":{"name":"_sendFundsToSafe","line":302,"loc":{"start":{"line":302,"column":4},"end":{"line":316,"column":4}}},"8":{"name":"validId","line":318,"loc":{"start":{"line":318,"column":4},"end":{"line":324,"column":4}}},"9":{"name":"isNotExecuted","line":326,"loc":{"start":{"line":326,"column":4},"end":{"line":332,"column":4}}}},"statementMap":{"1":{"start":{"line":75,"column":8},"end":{"line":75,"column":2229}},"2":{"start":{"line":79,"column":8},"end":{"line":79,"column":35}},"3":{"start":{"line":80,"column":8},"end":{"line":80,"column":2388}},"4":{"start":{"line":84,"column":8},"end":{"line":84,"column":31}},"5":{"start":{"line":110,"column":8},"end":{"line":110,"column":69}},"6":{"start":{"line":112,"column":8},"end":{"line":112,"column":3818}},"7":{"start":{"line":117,"column":8},"end":{"line":117,"column":3945}},"8":{"start":{"line":123,"column":8},"end":{"line":123,"column":4118}},"9":{"start":{"line":133,"column":8},"end":{"line":133,"column":29}},"10":{"start":{"line":134,"column":8},"end":{"line":134,"column":56}},"11":{"start":{"line":136,"column":8},"end":{"line":136,"column":4440}},"12":{"start":{"line":146,"column":8},"end":{"line":146,"column":21}},"13":{"start":{"line":173,"column":8},"end":{"line":173,"column":6018}},"14":{"start":{"line":174,"column":12},"end":{"line":174,"column":6075}},"15":{"start":{"line":175,"column":16},"end":{"line":175,"column":60}},"16":{"start":{"line":178,"column":8},"end":{"line":178,"column":6222}},"17":{"start":{"line":201,"column":8},"end":{"line":201,"column":56}},"18":{"start":{"line":203,"column":8},"end":{"line":203,"column":6962}},"19":{"start":{"line":204,"column":12},"end":{"line":204,"column":24}},"20":{"start":{"line":207,"column":8},"end":{"line":207,"column":7028}},"21":{"start":{"line":208,"column":12},"end":{"line":208,"column":24}},"22":{"start":{"line":210,"column":8},"end":{"line":210,"column":7117}},"23":{"start":{"line":211,"column":12},"end":{"line":211,"column":7178}},"24":{"start":{"line":216,"column":16},"end":{"line":216,"column":7482}},"25":{"start":{"line":225,"column":20},"end":{"line":225,"column":32}},"26":{"start":{"line":230,"column":8},"end":{"line":230,"column":19}},"27":{"start":{"line":242,"column":8},"end":{"line":242,"column":55}},"28":{"start":{"line":244,"column":8},"end":{"line":244,"column":72}},"29":{"start":{"line":247,"column":8},"end":{"line":247,"column":8389}},"30":{"start":{"line":255,"column":8},"end":{"line":255,"column":76}},"31":{"start":{"line":258,"column":8},"end":{"line":258,"column":56}},"32":{"start":{"line":260,"column":8},"end":{"line":260,"column":27}},"33":{"start":{"line":261,"column":8},"end":{"line":261,"column":49}},"34":{"start":{"line":262,"column":8},"end":{"line":262,"column":48}},"35":{"start":{"line":275,"column":8},"end":{"line":275,"column":9363}},"36":{"start":{"line":287,"column":8},"end":{"line":287,"column":9899}},"37":{"start":{"line":292,"column":8},"end":{"line":292,"column":70}},"38":{"start":{"line":293,"column":8},"end":{"line":293,"column":19}},"39":{"start":{"line":307,"column":8},"end":{"line":307,"column":10524}},"40":{"start":{"line":308,"column":12},"end":{"line":308,"column":10583}},"41":{"start":{"line":309,"column":16},"end":{"line":309,"column":56}},"42":{"start":{"line":311,"column":16},"end":{"line":311,"column":62}},"43":{"start":{"line":312,"column":16},"end":{"line":312,"column":66}},"44":{"start":{"line":313,"column":16},"end":{"line":313,"column":72}},"45":{"start":{"line":319,"column":8},"end":{"line":319,"column":10977}},"46":{"start":{"line":327,"column":8},"end":{"line":327,"column":11160}}},"branchMap":{"1":{"line":75,"type":"if","locations":[{"start":{"line":75,"column":8},"end":{"line":75,"column":8}},{"start":{"line":75,"column":8},"end":{"line":75,"column":8}}]},"2":{"line":80,"type":"if","locations":[{"start":{"line":80,"column":8},"end":{"line":80,"column":8}},{"start":{"line":80,"column":8},"end":{"line":80,"column":8}}]},"3":{"line":110,"type":"if","locations":[{"start":{"line":110,"column":8},"end":{"line":110,"column":8}},{"start":{"line":110,"column":8},"end":{"line":110,"column":8}}]},"4":{"line":112,"type":"if","locations":[{"start":{"line":112,"column":8},"end":{"line":112,"column":8}},{"start":{"line":112,"column":8},"end":{"line":112,"column":8}}]},"5":{"line":117,"type":"if","locations":[{"start":{"line":117,"column":8},"end":{"line":117,"column":8}},{"start":{"line":117,"column":8},"end":{"line":117,"column":8}}]},"6":{"line":174,"type":"if","locations":[{"start":{"line":174,"column":12},"end":{"line":174,"column":12}},{"start":{"line":174,"column":12},"end":{"line":174,"column":12}}]},"7":{"line":203,"type":"if","locations":[{"start":{"line":203,"column":8},"end":{"line":203,"column":8}},{"start":{"line":203,"column":8},"end":{"line":203,"column":8}}]},"8":{"line":207,"type":"if","locations":[{"start":{"line":207,"column":8},"end":{"line":207,"column":8}},{"start":{"line":207,"column":8},"end":{"line":207,"column":8}}]},"9":{"line":216,"type":"if","locations":[{"start":{"line":216,"column":16},"end":{"line":216,"column":16}},{"start":{"line":216,"column":16},"end":{"line":216,"column":16}}]},"10":{"line":244,"type":"if","locations":[{"start":{"line":244,"column":8},"end":{"line":244,"column":8}},{"start":{"line":244,"column":8},"end":{"line":244,"column":8}}]},"11":{"line":292,"type":"if","locations":[{"start":{"line":292,"column":8},"end":{"line":292,"column":8}},{"start":{"line":292,"column":8},"end":{"line":292,"column":8}}]},"12":{"line":308,"type":"if","locations":[{"start":{"line":308,"column":12},"end":{"line":308,"column":12}},{"start":{"line":308,"column":12},"end":{"line":308,"column":12}}]},"13":{"line":313,"type":"if","locations":[{"start":{"line":313,"column":16},"end":{"line":313,"column":16}},{"start":{"line":313,"column":16},"end":{"line":313,"column":16}}]},"14":{"line":319,"type":"if","locations":[{"start":{"line":319,"column":8},"end":{"line":319,"column":8}},{"start":{"line":319,"column":8},"end":{"line":319,"column":8}}]},"15":{"line":327,"type":"if","locations":[{"start":{"line":327,"column":8},"end":{"line":327,"column":8}},{"start":{"line":327,"column":8},"end":{"line":327,"column":8}}]}}},"contracts/modules/liquidity/balancer/LiquidityModule.sol":{"l":{"85":0,"86":0,"116":0,"118":0,"123":0,"125":0,"132":0,"134":0,"144":0,"145":0,"147":0,"156":0,"187":0,"188":0,"189":0,"193":0,"216":0,"217":0,"218":0,"221":0,"222":0,"225":0,"226":0,"227":0,"236":0,"240":0,"252":0,"254":0,"260":0,"267":0,"268":0,"269":0,"270":0,"271":0,"273":0,"276":0,"277":0,"278":0,"283":0,"295":0,"296":0,"297":0,"316":0,"317":0,"318":0,"320":0,"321":0,"329":0,"330":0,"331":0,"332":0,"333":0,"334":0,"335":0,"336":0,"348":0,"349":0,"350":0,"351":0,"352":0,"355":0,"356":0,"358":0,"360":0,"362":0,"378":0,"382":0,"383":0,"384":0,"385":0,"386":0,"387":0,"390":0,"391":0,"393":0,"404":0,"408":0,"412":0,"416":0},"path":"/Users/marvingross/Documents/develop/curve/deals-contracts/contracts/modules/liquidity/balancer/LiquidityModule.sol","s":{"1":0,"2":0,"3":0,"4":0,"5":0,"6":0,"7":0,"8":0,"9":0,"10":0,"11":0,"12":0,"13":0,"14":0,"15":0,"16":0,"17":0,"18":0,"19":0,"20":0,"21":0,"22":0,"23":0,"24":0,"25":0,"26":0,"27":0,"28":0,"29":0,"30":0,"31":0,"32":0,"33":0,"34":0,"35":0,"36":0,"37":0,"38":0,"39":0,"40":0,"41":0,"42":0,"43":0,"44":0,"45":0,"46":0,"47":0,"48":0,"49":0,"50":0,"51":0,"52":0,"53":0,"54":0,"55":0,"56":0,"57":0,"58":0,"59":0,"60":0,"61":0,"62":0,"63":0,"64":0,"65":0,"66":0,"67":0,"68":0,"69":0,"70":0,"71":0,"72":0,"73":0,"74":0,"75":0,"76":0,"77":0},"b":{"1":[0,0],"2":[0,0],"3":[0,0],"4":[0,0],"5":[0,0],"6":[0,0],"7":[0,0],"8":[0,0],"9":[0,0],"10":[0,0],"11":[0,0],"12":[0,0],"13":[0,0],"14":[0,0],"15":[0,0],"16":[0,0],"17":[0,0],"18":[0,0],"19":[0,0],"20":[0,0],"21":[0,0]},"f":{"1":0,"2":0,"3":0,"4":0,"5":0,"6":0,"7":0,"8":0,"9":0,"10":0},"fnMap":{"1":{"name":"constructor","line":83,"loc":{"start":{"line":82,"column":4},"end":{"line":87,"column":4}}},"2":{"name":"createLiquidityAction","line":108,"loc":{"start":{"line":108,"column":4},"end":{"line":157,"column":4}}},"3":{"name":"createDepositContractsAndCreateLiquidityAction","line":179,"loc":{"start":{"line":179,"column":4},"end":{"line":202,"column":4}}},"4":{"name":"checkExecutability","line":213,"loc":{"start":{"line":210,"column":4},"end":{"line":241,"column":4}}},"5":{"name":"executeLiquidityAction","line":250,"loc":{"start":{"line":247,"column":4},"end":{"line":298,"column":4}}},"6":{"name":"_distributeLPTokens","line":310,"loc":{"start":{"line":310,"column":4},"end":{"line":363,"column":4}}},"7":{"name":"_distributeLeftoverTokens","line":373,"loc":{"start":{"line":373,"column":4},"end":{"line":401,"column":4}}},"8":{"name":"validId","line":403,"loc":{"start":{"line":403,"column":4},"end":{"line":409,"column":4}}},"9":{"name":"isNotExecuted","line":411,"loc":{"start":{"line":411,"column":4},"end":{"line":417,"column":4}}},"10":{"name":null,"line":419,"loc":{"start":{"line":419,"column":4},"end":{"line":419,"column":33}}}},"statementMap":{"1":{"start":{"line":85,"column":8},"end":{"line":85,"column":69}},"2":{"start":{"line":86,"column":8},"end":{"line":86,"column":34}},"3":{"start":{"line":116,"column":8},"end":{"line":116,"column":69}},"4":{"start":{"line":118,"column":8},"end":{"line":118,"column":4421}},"5":{"start":{"line":123,"column":8},"end":{"line":123,"column":76}},"6":{"start":{"line":125,"column":8},"end":{"line":125,"column":4620}},"7":{"start":{"line":132,"column":8},"end":{"line":132,"column":71}},"8":{"start":{"line":134,"column":8},"end":{"line":134,"column":4927}},"9":{"start":{"line":144,"column":8},"end":{"line":144,"column":32}},"10":{"start":{"line":145,"column":8},"end":{"line":145,"column":59}},"11":{"start":{"line":147,"column":8},"end":{"line":147,"column":5250}},"12":{"start":{"line":156,"column":8},"end":{"line":156,"column":21}},"13":{"start":{"line":187,"column":8},"end":{"line":187,"column":7112}},"14":{"start":{"line":188,"column":12},"end":{"line":188,"column":7169}},"15":{"start":{"line":189,"column":16},"end":{"line":189,"column":60}},"16":{"start":{"line":193,"column":8},"end":{"line":193,"column":7317}},"17":{"start":{"line":216,"column":8},"end":{"line":216,"column":61}},"18":{"start":{"line":217,"column":8},"end":{"line":217,"column":8047}},"19":{"start":{"line":218,"column":12},"end":{"line":218,"column":24}},"20":{"start":{"line":221,"column":8},"end":{"line":221,"column":8113}},"21":{"start":{"line":222,"column":12},"end":{"line":222,"column":24}},"22":{"start":{"line":225,"column":8},"end":{"line":225,"column":8203}},"23":{"start":{"line":226,"column":12},"end":{"line":226,"column":8264}},"24":{"start":{"line":227,"column":16},"end":{"line":227,"column":8334}},"25":{"start":{"line":236,"column":20},"end":{"line":236,"column":32}},"26":{"start":{"line":240,"column":8},"end":{"line":240,"column":19}},"27":{"start":{"line":252,"column":8},"end":{"line":252,"column":61}},"28":{"start":{"line":254,"column":8},"end":{"line":254,"column":9120}},"29":{"start":{"line":260,"column":8},"end":{"line":260,"column":9281}},"30":{"start":{"line":267,"column":8},"end":{"line":267,"column":9446}},"31":{"start":{"line":268,"column":12},"end":{"line":268,"column":9507}},"32":{"start":{"line":269,"column":16},"end":{"line":269,"column":49}},"33":{"start":{"line":270,"column":16},"end":{"line":270,"column":62}},"34":{"start":{"line":271,"column":16},"end":{"line":271,"column":34}},"35":{"start":{"line":273,"column":12},"end":{"line":273,"column":73}},"36":{"start":{"line":276,"column":8},"end":{"line":276,"column":63}},"37":{"start":{"line":277,"column":8},"end":{"line":277,"column":9864}},"38":{"start":{"line":278,"column":12},"end":{"line":278,"column":43}},"39":{"start":{"line":283,"column":8},"end":{"line":283,"column":10038}},"40":{"start":{"line":295,"column":8},"end":{"line":295,"column":27}},"41":{"start":{"line":296,"column":8},"end":{"line":296,"column":49}},"42":{"start":{"line":297,"column":8},"end":{"line":297,"column":45}},"43":{"start":{"line":316,"column":8},"end":{"line":316,"column":25}},"44":{"start":{"line":317,"column":8},"end":{"line":317,"column":36}},"45":{"start":{"line":318,"column":8},"end":{"line":318,"column":50}},"46":{"start":{"line":320,"column":8},"end":{"line":320,"column":11425}},"47":{"start":{"line":321,"column":12},"end":{"line":321,"column":25}},"48":{"start":{"line":329,"column":12},"end":{"line":329,"column":11784}},"49":{"start":{"line":330,"column":16},"end":{"line":330,"column":48}},"50":{"start":{"line":331,"column":16},"end":{"line":331,"column":77}},"51":{"start":{"line":332,"column":16},"end":{"line":332,"column":34}},"52":{"start":{"line":333,"column":16},"end":{"line":333,"column":35}},"53":{"start":{"line":334,"column":16},"end":{"line":334,"column":67}},"54":{"start":{"line":335,"column":16},"end":{"line":335,"column":71}},"55":{"start":{"line":336,"column":16},"end":{"line":336,"column":12193}},"56":{"start":{"line":348,"column":12},"end":{"line":348,"column":12635}},"57":{"start":{"line":349,"column":16},"end":{"line":349,"column":44}},"58":{"start":{"line":350,"column":16},"end":{"line":350,"column":73}},"59":{"start":{"line":351,"column":16},"end":{"line":351,"column":34}},"60":{"start":{"line":352,"column":16},"end":{"line":352,"column":35}},"61":{"start":{"line":355,"column":16},"end":{"line":355,"column":12987}},"62":{"start":{"line":356,"column":20},"end":{"line":356,"column":39}},"63":{"start":{"line":358,"column":16},"end":{"line":358,"column":62}},"64":{"start":{"line":360,"column":12},"end":{"line":360,"column":32}},"65":{"start":{"line":362,"column":8},"end":{"line":362,"column":63}},"66":{"start":{"line":378,"column":8},"end":{"line":378,"column":13919}},"67":{"start":{"line":382,"column":8},"end":{"line":382,"column":40}},"68":{"start":{"line":383,"column":8},"end":{"line":383,"column":14083}},"69":{"start":{"line":384,"column":12},"end":{"line":384,"column":14145}},"70":{"start":{"line":385,"column":16},"end":{"line":385,"column":14209}},"71":{"start":{"line":386,"column":20},"end":{"line":386,"column":74}},"72":{"start":{"line":387,"column":20},"end":{"line":387,"column":36}},"73":{"start":{"line":390,"column":20},"end":{"line":390,"column":14482}},"74":{"start":{"line":391,"column":24},"end":{"line":391,"column":40}},"75":{"start":{"line":393,"column":20},"end":{"line":393,"column":14616}},"76":{"start":{"line":404,"column":8},"end":{"line":404,"column":14885}},"77":{"start":{"line":412,"column":8},"end":{"line":412,"column":15070}}},"branchMap":{"1":{"line":85,"type":"if","locations":[{"start":{"line":85,"column":8},"end":{"line":85,"column":8}},{"start":{"line":85,"column":8},"end":{"line":85,"column":8}}]},"2":{"line":116,"type":"if","locations":[{"start":{"line":116,"column":8},"end":{"line":116,"column":8}},{"start":{"line":116,"column":8},"end":{"line":116,"column":8}}]},"3":{"line":118,"type":"if","locations":[{"start":{"line":118,"column":8},"end":{"line":118,"column":8}},{"start":{"line":118,"column":8},"end":{"line":118,"column":8}}]},"4":{"line":123,"type":"if","locations":[{"start":{"line":123,"column":8},"end":{"line":123,"column":8}},{"start":{"line":123,"column":8},"end":{"line":123,"column":8}}]},"5":{"line":125,"type":"if","locations":[{"start":{"line":125,"column":8},"end":{"line":125,"column":8}},{"start":{"line":125,"column":8},"end":{"line":125,"column":8}}]},"6":{"line":132,"type":"if","locations":[{"start":{"line":132,"column":8},"end":{"line":132,"column":8}},{"start":{"line":132,"column":8},"end":{"line":132,"column":8}}]},"7":{"line":188,"type":"if","locations":[{"start":{"line":188,"column":12},"end":{"line":188,"column":12}},{"start":{"line":188,"column":12},"end":{"line":188,"column":12}}]},"8":{"line":217,"type":"if","locations":[{"start":{"line":217,"column":8},"end":{"line":217,"column":8}},{"start":{"line":217,"column":8},"end":{"line":217,"column":8}}]},"9":{"line":221,"type":"if","locations":[{"start":{"line":221,"column":8},"end":{"line":221,"column":8}},{"start":{"line":221,"column":8},"end":{"line":221,"column":8}}]},"10":{"line":227,"type":"if","locations":[{"start":{"line":227,"column":16},"end":{"line":227,"column":16}},{"start":{"line":227,"column":16},"end":{"line":227,"column":16}}]},"11":{"line":254,"type":"if","locations":[{"start":{"line":254,"column":8},"end":{"line":254,"column":8}},{"start":{"line":254,"column":8},"end":{"line":254,"column":8}}]},"12":{"line":268,"type":"if","locations":[{"start":{"line":268,"column":12},"end":{"line":268,"column":12}},{"start":{"line":268,"column":12},"end":{"line":268,"column":12}}]},"13":{"line":329,"type":"if","locations":[{"start":{"line":329,"column":12},"end":{"line":329,"column":12}},{"start":{"line":329,"column":12},"end":{"line":329,"column":12}}]},"14":{"line":348,"type":"if","locations":[{"start":{"line":348,"column":12},"end":{"line":348,"column":12}},{"start":{"line":348,"column":12},"end":{"line":348,"column":12}}]},"15":{"line":355,"type":"if","locations":[{"start":{"line":355,"column":16},"end":{"line":355,"column":16}},{"start":{"line":355,"column":16},"end":{"line":355,"column":16}}]},"16":{"line":362,"type":"if","locations":[{"start":{"line":362,"column":8},"end":{"line":362,"column":8}},{"start":{"line":362,"column":8},"end":{"line":362,"column":8}}]},"17":{"line":378,"type":"if","locations":[{"start":{"line":378,"column":8},"end":{"line":378,"column":8}},{"start":{"line":378,"column":8},"end":{"line":378,"column":8}}]},"18":{"line":385,"type":"if","locations":[{"start":{"line":385,"column":16},"end":{"line":385,"column":16}},{"start":{"line":385,"column":16},"end":{"line":385,"column":16}}]},"19":{"line":390,"type":"if","locations":[{"start":{"line":390,"column":20},"end":{"line":390,"column":20}},{"start":{"line":390,"column":20},"end":{"line":390,"column":20}}]},"20":{"line":404,"type":"if","locations":[{"start":{"line":404,"column":8},"end":{"line":404,"column":8}},{"start":{"line":404,"column":8},"end":{"line":404,"column":8}}]},"21":{"line":412,"type":"if","locations":[{"start":{"line":412,"column":8},"end":{"line":412,"column":8}},{"start":{"line":412,"column":8},"end":{"line":412,"column":8}}]}}},"contracts/modules/liquidity/uniswap/LiquidityModule.sol":{"l":{"87":0,"88":0,"89":0,"119":0,"121":0,"126":0,"128":0,"135":0,"137":0,"147":0,"149":0,"150":0,"160":0,"191":0,"192":0,"193":0,"197":0,"220":0,"221":0,"222":0,"225":0,"226":0,"228":0,"229":0,"234":0,"243":0,"247":0,"259":0,"261":0,"267":0,"274":0,"275":0,"276":0,"277":0,"278":0,"280":0,"287":0,"297":0,"310":0,"311":0,"318":0,"326":0,"327":0,"328":0,"353":0,"356":0,"357":0,"360":0,"367":0,"368":0,"375":0,"376":0,"381":0,"388":0,"389":0,"391":0,"411":0,"412":0,"413":0,"415":0,"416":0,"424":0,"425":0,"426":0,"427":0,"428":0,"429":0,"430":0,"431":0,"443":0,"444":0,"445":0,"446":0,"447":0,"450":0,"451":0,"453":0,"455":0,"457":0,"458":0,"474":0,"478":0,"479":0,"480":0,"481":0,"482":0,"483":0,"486":0,"487":0,"489":0,"500":0,"504":0,"508":0,"512":0},"path":"/Users/marvingross/Documents/develop/curve/deals-contracts/contracts/modules/liquidity/uniswap/LiquidityModule.sol","s":{"1":0,"2":0,"3":0,"4":0,"5":0,"6":0,"7":0,"8":0,"9":0,"10":0,"11":0,"12":0,"13":0,"14":0,"15":0,"16":0,"17":0,"18":0,"19":0,"20":0,"21":0,"22":0,"23":0,"24":0,"25":0,"26":0,"27":0,"28":0,"29":0,"30":0,"31":0,"32":0,"33":0,"34":0,"35":0,"36":0,"37":0,"38":0,"39":0,"40":0,"41":0,"42":0,"43":0,"44":0,"45":0,"46":0,"47":0,"48":0,"49":0,"50":0,"51":0,"52":0,"53":0,"54":0,"55":0,"56":0,"57":0,"58":0,"59":0,"60":0,"61":0,"62":0,"63":0,"64":0,"65":0,"66":0,"67":0,"68":0,"69":0,"70":0,"71":0,"72":0,"73":0,"74":0,"75":0,"76":0,"77":0,"78":0,"79":0,"80":0,"81":0,"82":0,"83":0,"84":0,"85":0,"86":0,"87":0,"88":0,"89":0,"90":0,"91":0,"92":0},"b":{"1":[0,0],"2":[0,0],"3":[0,0],"4":[0,0],"5":[0,0],"6":[0,0],"7":[0,0],"8":[0,0],"9":[0,0],"10":[0,0],"11":[0,0],"12":[0,0],"13":[0,0],"14":[0,0],"15":[0,0],"16":[0,0],"17":[0,0],"18":[0,0],"19":[0,0],"20":[0,0],"21":[0,0],"22":[0,0],"23":[0,0],"24":[0,0],"25":[0,0],"26":[0,0]},"f":{"1":0,"2":0,"3":0,"4":0,"5":0,"6":0,"7":0,"8":0,"9":0,"10":0,"11":0},"fnMap":{"1":{"name":"constructor","line":85,"loc":{"start":{"line":84,"column":4},"end":{"line":90,"column":4}}},"2":{"name":"createLiquidityAction","line":111,"loc":{"start":{"line":111,"column":4},"end":{"line":161,"column":4}}},"3":{"name":"createDepositContractsAndCreateLiquidityAction","line":183,"loc":{"start":{"line":183,"column":4},"end":{"line":206,"column":4}}},"4":{"name":"checkExecutability","line":217,"loc":{"start":{"line":214,"column":4},"end":{"line":248,"column":4}}},"5":{"name":"executeLiquidityAction","line":257,"loc":{"start":{"line":254,"column":4},"end":{"line":329,"column":4}}},"6":{"name":"_evaluateLPDetails","line":345,"loc":{"start":{"line":345,"column":4},"end":{"line":393,"column":4}}},"7":{"name":"_distributeTokens","line":404,"loc":{"start":{"line":404,"column":4},"end":{"line":459,"column":4}}},"8":{"name":"_distributeLeftoverTokens","line":469,"loc":{"start":{"line":469,"column":4},"end":{"line":497,"column":4}}},"9":{"name":"validId","line":499,"loc":{"start":{"line":499,"column":4},"end":{"line":505,"column":4}}},"10":{"name":"isNotExecuted","line":507,"loc":{"start":{"line":507,"column":4},"end":{"line":513,"column":4}}},"11":{"name":null,"line":515,"loc":{"start":{"line":515,"column":4},"end":{"line":515,"column":33}}}},"statementMap":{"1":{"start":{"line":87,"column":8},"end":{"line":87,"column":71}},"2":{"start":{"line":88,"column":8},"end":{"line":88,"column":43}},"3":{"start":{"line":89,"column":8},"end":{"line":89,"column":52}},"4":{"start":{"line":119,"column":8},"end":{"line":119,"column":69}},"5":{"start":{"line":121,"column":8},"end":{"line":121,"column":4594}},"6":{"start":{"line":126,"column":8},"end":{"line":126,"column":76}},"7":{"start":{"line":128,"column":8},"end":{"line":128,"column":4792}},"8":{"start":{"line":135,"column":8},"end":{"line":135,"column":71}},"9":{"start":{"line":137,"column":8},"end":{"line":137,"column":5099}},"10":{"start":{"line":147,"column":8},"end":{"line":147,"column":32}},"11":{"start":{"line":149,"column":8},"end":{"line":149,"column":59}},"12":{"start":{"line":150,"column":8},"end":{"line":150,"column":5422}},"13":{"start":{"line":160,"column":8},"end":{"line":160,"column":21}},"14":{"start":{"line":191,"column":8},"end":{"line":191,"column":7285}},"15":{"start":{"line":192,"column":12},"end":{"line":192,"column":7342}},"16":{"start":{"line":193,"column":16},"end":{"line":193,"column":60}},"17":{"start":{"line":197,"column":8},"end":{"line":197,"column":7490}},"18":{"start":{"line":220,"column":8},"end":{"line":220,"column":61}},"19":{"start":{"line":221,"column":8},"end":{"line":221,"column":8220}},"20":{"start":{"line":222,"column":12},"end":{"line":222,"column":24}},"21":{"start":{"line":225,"column":8},"end":{"line":225,"column":8286}},"22":{"start":{"line":226,"column":12},"end":{"line":226,"column":24}},"23":{"start":{"line":228,"column":8},"end":{"line":228,"column":8375}},"24":{"start":{"line":229,"column":12},"end":{"line":229,"column":8436}},"25":{"start":{"line":234,"column":16},"end":{"line":234,"column":8740}},"26":{"start":{"line":243,"column":20},"end":{"line":243,"column":32}},"27":{"start":{"line":247,"column":8},"end":{"line":247,"column":19}},"28":{"start":{"line":259,"column":8},"end":{"line":259,"column":61}},"29":{"start":{"line":261,"column":8},"end":{"line":261,"column":9526}},"30":{"start":{"line":267,"column":8},"end":{"line":267,"column":9687}},"31":{"start":{"line":274,"column":8},"end":{"line":274,"column":9852}},"32":{"start":{"line":275,"column":12},"end":{"line":275,"column":9913}},"33":{"start":{"line":276,"column":16},"end":{"line":276,"column":49}},"34":{"start":{"line":277,"column":16},"end":{"line":277,"column":62}},"35":{"start":{"line":278,"column":16},"end":{"line":278,"column":34}},"36":{"start":{"line":280,"column":12},"end":{"line":280,"column":74}},"37":{"start":{"line":287,"column":8},"end":{"line":287,"column":10387}},"38":{"start":{"line":297,"column":8},"end":{"line":297,"column":10693}},"39":{"start":{"line":310,"column":8},"end":{"line":310,"column":39}},"40":{"start":{"line":311,"column":8},"end":{"line":311,"column":39}},"41":{"start":{"line":318,"column":8},"end":{"line":318,"column":11406}},"42":{"start":{"line":326,"column":8},"end":{"line":326,"column":27}},"43":{"start":{"line":327,"column":8},"end":{"line":327,"column":49}},"44":{"start":{"line":328,"column":8},"end":{"line":328,"column":45}},"45":{"start":{"line":353,"column":8},"end":{"line":353,"column":67}},"46":{"start":{"line":356,"column":8},"end":{"line":356,"column":12948}},"47":{"start":{"line":357,"column":12},"end":{"line":357,"column":39}},"48":{"start":{"line":360,"column":8},"end":{"line":360,"column":67}},"49":{"start":{"line":367,"column":8},"end":{"line":367,"column":54}},"50":{"start":{"line":368,"column":8},"end":{"line":368,"column":61}},"51":{"start":{"line":375,"column":8},"end":{"line":375,"column":13678}},"52":{"start":{"line":376,"column":12},"end":{"line":376,"column":13723}},"53":{"start":{"line":381,"column":12},"end":{"line":381,"column":13901}},"54":{"start":{"line":388,"column":8},"end":{"line":388,"column":14100}},"55":{"start":{"line":389,"column":12},"end":{"line":389,"column":58}},"56":{"start":{"line":391,"column":12},"end":{"line":391,"column":58}},"57":{"start":{"line":411,"column":8},"end":{"line":411,"column":67}},"58":{"start":{"line":412,"column":8},"end":{"line":412,"column":25}},"59":{"start":{"line":413,"column":8},"end":{"line":413,"column":36}},"60":{"start":{"line":415,"column":8},"end":{"line":415,"column":15157}},"61":{"start":{"line":416,"column":12},"end":{"line":416,"column":25}},"62":{"start":{"line":424,"column":12},"end":{"line":424,"column":15516}},"63":{"start":{"line":425,"column":16},"end":{"line":425,"column":48}},"64":{"start":{"line":426,"column":16},"end":{"line":426,"column":77}},"65":{"start":{"line":427,"column":16},"end":{"line":427,"column":34}},"66":{"start":{"line":428,"column":16},"end":{"line":428,"column":35}},"67":{"start":{"line":429,"column":16},"end":{"line":429,"column":67}},"68":{"start":{"line":430,"column":16},"end":{"line":430,"column":71}},"69":{"start":{"line":431,"column":16},"end":{"line":431,"column":15925}},"70":{"start":{"line":443,"column":12},"end":{"line":443,"column":16367}},"71":{"start":{"line":444,"column":16},"end":{"line":444,"column":44}},"72":{"start":{"line":445,"column":16},"end":{"line":445,"column":73}},"73":{"start":{"line":446,"column":16},"end":{"line":446,"column":34}},"74":{"start":{"line":447,"column":16},"end":{"line":447,"column":35}},"75":{"start":{"line":450,"column":16},"end":{"line":450,"column":16719}},"76":{"start":{"line":451,"column":20},"end":{"line":451,"column":39}},"77":{"start":{"line":453,"column":16},"end":{"line":453,"column":62}},"78":{"start":{"line":455,"column":12},"end":{"line":455,"column":31}},"79":{"start":{"line":457,"column":8},"end":{"line":457,"column":63}},"80":{"start":{"line":458,"column":8},"end":{"line":458,"column":70}},"81":{"start":{"line":474,"column":8},"end":{"line":474,"column":17723}},"82":{"start":{"line":478,"column":8},"end":{"line":478,"column":40}},"83":{"start":{"line":479,"column":8},"end":{"line":479,"column":17887}},"84":{"start":{"line":480,"column":12},"end":{"line":480,"column":17949}},"85":{"start":{"line":481,"column":16},"end":{"line":481,"column":18013}},"86":{"start":{"line":482,"column":20},"end":{"line":482,"column":74}},"87":{"start":{"line":483,"column":20},"end":{"line":483,"column":36}},"88":{"start":{"line":486,"column":20},"end":{"line":486,"column":18286}},"89":{"start":{"line":487,"column":24},"end":{"line":487,"column":40}},"90":{"start":{"line":489,"column":20},"end":{"line":489,"column":18420}},"91":{"start":{"line":500,"column":8},"end":{"line":500,"column":18689}},"92":{"start":{"line":508,"column":8},"end":{"line":508,"column":18874}}},"branchMap":{"1":{"line":87,"type":"if","locations":[{"start":{"line":87,"column":8},"end":{"line":87,"column":8}},{"start":{"line":87,"column":8},"end":{"line":87,"column":8}}]},"2":{"line":119,"type":"if","locations":[{"start":{"line":119,"column":8},"end":{"line":119,"column":8}},{"start":{"line":119,"column":8},"end":{"line":119,"column":8}}]},"3":{"line":121,"type":"if","locations":[{"start":{"line":121,"column":8},"end":{"line":121,"column":8}},{"start":{"line":121,"column":8},"end":{"line":121,"column":8}}]},"4":{"line":126,"type":"if","locations":[{"start":{"line":126,"column":8},"end":{"line":126,"column":8}},{"start":{"line":126,"column":8},"end":{"line":126,"column":8}}]},"5":{"line":128,"type":"if","locations":[{"start":{"line":128,"column":8},"end":{"line":128,"column":8}},{"start":{"line":128,"column":8},"end":{"line":128,"column":8}}]},"6":{"line":135,"type":"if","locations":[{"start":{"line":135,"column":8},"end":{"line":135,"column":8}},{"start":{"line":135,"column":8},"end":{"line":135,"column":8}}]},"7":{"line":192,"type":"if","locations":[{"start":{"line":192,"column":12},"end":{"line":192,"column":12}},{"start":{"line":192,"column":12},"end":{"line":192,"column":12}}]},"8":{"line":221,"type":"if","locations":[{"start":{"line":221,"column":8},"end":{"line":221,"column":8}},{"start":{"line":221,"column":8},"end":{"line":221,"column":8}}]},"9":{"line":225,"type":"if","locations":[{"start":{"line":225,"column":8},"end":{"line":225,"column":8}},{"start":{"line":225,"column":8},"end":{"line":225,"column":8}}]},"10":{"line":234,"type":"if","locations":[{"start":{"line":234,"column":16},"end":{"line":234,"column":16}},{"start":{"line":234,"column":16},"end":{"line":234,"column":16}}]},"11":{"line":261,"type":"if","locations":[{"start":{"line":261,"column":8},"end":{"line":261,"column":8}},{"start":{"line":261,"column":8},"end":{"line":261,"column":8}}]},"12":{"line":275,"type":"if","locations":[{"start":{"line":275,"column":12},"end":{"line":275,"column":12}},{"start":{"line":275,"column":12},"end":{"line":275,"column":12}}]},"13":{"line":356,"type":"if","locations":[{"start":{"line":356,"column":8},"end":{"line":356,"column":8}},{"start":{"line":356,"column":8},"end":{"line":356,"column":8}}]},"14":{"line":375,"type":"if","locations":[{"start":{"line":375,"column":8},"end":{"line":375,"column":8}},{"start":{"line":375,"column":8},"end":{"line":375,"column":8}}]},"15":{"line":376,"type":"if","locations":[{"start":{"line":376,"column":12},"end":{"line":376,"column":12}},{"start":{"line":376,"column":12},"end":{"line":376,"column":12}}]},"16":{"line":381,"type":"if","locations":[{"start":{"line":381,"column":12},"end":{"line":381,"column":12}},{"start":{"line":381,"column":12},"end":{"line":381,"column":12}}]},"17":{"line":388,"type":"if","locations":[{"start":{"line":388,"column":8},"end":{"line":388,"column":8}},{"start":{"line":388,"column":8},"end":{"line":388,"column":8}}]},"18":{"line":424,"type":"if","locations":[{"start":{"line":424,"column":12},"end":{"line":424,"column":12}},{"start":{"line":424,"column":12},"end":{"line":424,"column":12}}]},"19":{"line":443,"type":"if","locations":[{"start":{"line":443,"column":12},"end":{"line":443,"column":12}},{"start":{"line":443,"column":12},"end":{"line":443,"column":12}}]},"20":{"line":450,"type":"if","locations":[{"start":{"line":450,"column":16},"end":{"line":450,"column":16}},{"start":{"line":450,"column":16},"end":{"line":450,"column":16}}]},"21":{"line":457,"type":"if","locations":[{"start":{"line":457,"column":8},"end":{"line":457,"column":8}},{"start":{"line":457,"column":8},"end":{"line":457,"column":8}}]},"22":{"line":474,"type":"if","locations":[{"start":{"line":474,"column":8},"end":{"line":474,"column":8}},{"start":{"line":474,"column":8},"end":{"line":474,"column":8}}]},"23":{"line":481,"type":"if","locations":[{"start":{"line":481,"column":16},"end":{"line":481,"column":16}},{"start":{"line":481,"column":16},"end":{"line":481,"column":16}}]},"24":{"line":486,"type":"if","locations":[{"start":{"line":486,"column":20},"end":{"line":486,"column":20}},{"start":{"line":486,"column":20},"end":{"line":486,"column":20}}]},"25":{"line":500,"type":"if","locations":[{"start":{"line":500,"column":8},"end":{"line":500,"column":8}},{"start":{"line":500,"column":8},"end":{"line":500,"column":8}}]},"26":{"line":508,"type":"if","locations":[{"start":{"line":508,"column":8},"end":{"line":508,"column":8}},{"start":{"line":508,"column":8},"end":{"line":508,"column":8}}]}}},"contracts/modules/ModuleBase.sol":{"l":{"32":8,"33":8,"51":17,"52":17,"53":17,"54":17,"55":60,"56":60,"57":60,"58":60,"59":174,"60":174,"61":60,"62":60,"81":59,"96":59,"110":249,"111":243,"112":243,"114":0,"118":6,"119":6,"136":0,"138":0,"141":0,"143":0},"path":"/Users/marvingross/Documents/develop/curve/deals-contracts/contracts/modules/ModuleBase.sol","s":{"1":8,"2":8,"3":17,"4":17,"5":17,"6":17,"7":60,"8":60,"9":60,"10":60,"11":174,"12":174,"13":60,"14":60,"15":59,"16":59,"17":249,"18":243,"19":243,"20":0,"21":6,"22":6,"23":0,"24":0,"25":0,"26":0},"b":{"1":[8,0],"2":[17,0],"3":[60,0],"4":[60,114],"5":[59,0],"6":[243,6],"7":[243,0],"8":[6,0],"9":[0,0],"10":[0,0]},"f":{"1":8,"2":17,"3":59,"4":59,"5":249,"6":0,"7":0},"fnMap":{"1":{"name":"constructor","line":31,"loc":{"start":{"line":31,"column":4},"end":{"line":34,"column":4}}},"2":{"name":"_pullTokensIntoModule","line":45,"loc":{"start":{"line":45,"column":4},"end":{"line":68,"column":4}}},"3":{"name":"_approveToken","line":76,"loc":{"start":{"line":76,"column":4},"end":{"line":82,"column":4}}},"4":{"name":"_approveDaoDepositManager","line":91,"loc":{"start":{"line":91,"column":4},"end":{"line":97,"column":4}}},"5":{"name":"_transfer","line":105,"loc":{"start":{"line":105,"column":4},"end":{"line":121,"column":4}}},"6":{"name":"_transferFrom","line":130,"loc":{"start":{"line":130,"column":4},"end":{"line":145,"column":4}}},"7":{"name":"hasDealExpired","line":152,"loc":{"start":{"line":152,"column":4},"end":{"line":160,"column":4}}}},"statementMap":{"1":{"start":{"line":32,"column":8},"end":{"line":32,"column":67}},"2":{"start":{"line":33,"column":8},"end":{"line":33,"column":47}},"3":{"start":{"line":51,"column":8},"end":{"line":51,"column":48}},"4":{"start":{"line":52,"column":8},"end":{"line":52,"column":71}},"5":{"start":{"line":53,"column":8},"end":{"line":53,"column":49}},"6":{"start":{"line":54,"column":8},"end":{"line":54,"column":2162}},"7":{"start":{"line":55,"column":12},"end":{"line":55,"column":49}},"8":{"start":{"line":56,"column":12},"end":{"line":56,"column":77}},"9":{"start":{"line":57,"column":12},"end":{"line":57,"column":59}},"10":{"start":{"line":58,"column":12},"end":{"line":58,"column":2415}},"11":{"start":{"line":59,"column":16},"end":{"line":59,"column":48}},"12":{"start":{"line":60,"column":16},"end":{"line":60,"column":2534}},"13":{"start":{"line":61,"column":20},"end":{"line":61,"column":44}},"14":{"start":{"line":62,"column":20},"end":{"line":62,"column":2671}},"15":{"start":{"line":81,"column":8},"end":{"line":81,"column":77}},"16":{"start":{"line":96,"column":8},"end":{"line":96,"column":77}},"17":{"start":{"line":110,"column":8},"end":{"line":110,"column":4115}},"18":{"start":{"line":111,"column":12},"end":{"line":111,"column":4159}},"19":{"start":{"line":112,"column":16},"end":{"line":112,"column":56}},"20":{"start":{"line":114,"column":16},"end":{"line":114,"column":46}},"21":{"start":{"line":118,"column":12},"end":{"line":118,"column":56}},"22":{"start":{"line":119,"column":12},"end":{"line":119,"column":49}},"23":{"start":{"line":136,"column":8},"end":{"line":136,"column":61}},"24":{"start":{"line":138,"column":8},"end":{"line":138,"column":5070}},"25":{"start":{"line":141,"column":12},"end":{"line":141,"column":52}},"26":{"start":{"line":143,"column":12},"end":{"line":143,"column":42}}},"branchMap":{"1":{"line":32,"type":"if","locations":[{"start":{"line":32,"column":8},"end":{"line":32,"column":8}},{"start":{"line":32,"column":8},"end":{"line":32,"column":8}}]},"2":{"line":52,"type":"if","locations":[{"start":{"line":52,"column":8},"end":{"line":52,"column":8}},{"start":{"line":52,"column":8},"end":{"line":52,"column":8}}]},"3":{"line":56,"type":"if","locations":[{"start":{"line":56,"column":12},"end":{"line":56,"column":12}},{"start":{"line":56,"column":12},"end":{"line":56,"column":12}}]},"4":{"line":60,"type":"if","locations":[{"start":{"line":60,"column":16},"end":{"line":60,"column":16}},{"start":{"line":60,"column":16},"end":{"line":60,"column":16}}]},"5":{"line":81,"type":"if","locations":[{"start":{"line":81,"column":8},"end":{"line":81,"column":8}},{"start":{"line":81,"column":8},"end":{"line":81,"column":8}}]},"6":{"line":110,"type":"if","locations":[{"start":{"line":110,"column":8},"end":{"line":110,"column":8}},{"start":{"line":110,"column":8},"end":{"line":110,"column":8}}]},"7":{"line":112,"type":"if","locations":[{"start":{"line":112,"column":16},"end":{"line":112,"column":16}},{"start":{"line":112,"column":16},"end":{"line":112,"column":16}}]},"8":{"line":119,"type":"if","locations":[{"start":{"line":119,"column":12},"end":{"line":119,"column":12}},{"start":{"line":119,"column":12},"end":{"line":119,"column":12}}]},"9":{"line":136,"type":"if","locations":[{"start":{"line":136,"column":8},"end":{"line":136,"column":8}},{"start":{"line":136,"column":8},"end":{"line":136,"column":8}}]},"10":{"line":141,"type":"if","locations":[{"start":{"line":141,"column":12},"end":{"line":141,"column":12}},{"start":{"line":141,"column":12},"end":{"line":141,"column":12}}]}}},"contracts/modules/ModuleBaseWithFee.sol":{"l":{"68":3,"72":3,"73":2,"74":2,"86":4,"87":4,"88":3,"89":3,"103":174,"104":136,"105":136,"107":136,"109":38,"124":113,"125":113,"145":0,"146":0,"147":0,"149":0,"150":0,"160":9,"161":7},"path":"/Users/marvingross/Documents/develop/curve/deals-contracts/contracts/modules/ModuleBaseWithFee.sol","s":{"1":3,"2":3,"3":2,"4":2,"5":4,"6":4,"7":3,"8":3,"9":174,"10":136,"11":136,"12":136,"13":38,"14":113,"15":113,"16":0,"17":0,"18":0,"19":0,"20":0,"21":9},"b":{"1":[3,0],"2":[2,1],"3":[4,0],"4":[3,1],"5":[136,38],"6":[0,0],"7":[7,2]},"f":{"1":8,"2":3,"3":4,"4":174,"5":113,"6":0,"7":9},"fnMap":{"1":{"name":"constructor","line":39,"loc":{"start":{"line":39,"column":4},"end":{"line":39,"column":64}}},"2":{"name":"setFeeWallet","line":66,"loc":{"start":{"line":64,"column":4},"end":{"line":76,"column":4}}},"3":{"name":"setFee","line":84,"loc":{"start":{"line":82,"column":4},"end":{"line":91,"column":4}}},"4":{"name":"_payFeeAndReturnRemainder","line":99,"loc":{"start":{"line":99,"column":4},"end":{"line":110,"column":4}}},"5":{"name":"_transferWithFee","line":119,"loc":{"start":{"line":119,"column":4},"end":{"line":126,"column":4}}},"6":{"name":"_transferFromWithFee","line":136,"loc":{"start":{"line":136,"column":4},"end":{"line":152,"column":4}}},"7":{"name":"onlyDealManagerOwner","line":159,"loc":{"start":{"line":159,"column":4},"end":{"line":162,"column":4}}}},"statementMap":{"1":{"start":{"line":68,"column":8},"end":{"line":68,"column":2393}},"2":{"start":{"line":72,"column":8},"end":{"line":72,"column":2533}},"3":{"start":{"line":73,"column":12},"end":{"line":73,"column":33}},"4":{"start":{"line":74,"column":12},"end":{"line":74,"column":56}},"5":{"start":{"line":86,"column":8},"end":{"line":86,"column":76}},"6":{"start":{"line":87,"column":8},"end":{"line":87,"column":3013}},"7":{"start":{"line":88,"column":12},"end":{"line":88,"column":47}},"8":{"start":{"line":89,"column":12},"end":{"line":89,"column":64}},"9":{"start":{"line":103,"column":8},"end":{"line":103,"column":3596}},"10":{"start":{"line":104,"column":12},"end":{"line":104,"column":60}},"11":{"start":{"line":105,"column":12},"end":{"line":105,"column":44}},"12":{"start":{"line":107,"column":12},"end":{"line":107,"column":32}},"13":{"start":{"line":109,"column":8},"end":{"line":109,"column":22}},"14":{"start":{"line":124,"column":8},"end":{"line":124,"column":66}},"15":{"start":{"line":125,"column":8},"end":{"line":125,"column":45}},"16":{"start":{"line":145,"column":8},"end":{"line":145,"column":5245}},"17":{"start":{"line":146,"column":12},"end":{"line":146,"column":63}},"18":{"start":{"line":147,"column":12},"end":{"line":147,"column":66}},"19":{"start":{"line":149,"column":12},"end":{"line":149,"column":53}},"20":{"start":{"line":150,"column":12},"end":{"line":150,"column":70}},"21":{"start":{"line":160,"column":8},"end":{"line":160,"column":78}}},"branchMap":{"1":{"line":68,"type":"if","locations":[{"start":{"line":68,"column":8},"end":{"line":68,"column":8}},{"start":{"line":68,"column":8},"end":{"line":68,"column":8}}]},"2":{"line":72,"type":"if","locations":[{"start":{"line":72,"column":8},"end":{"line":72,"column":8}},{"start":{"line":72,"column":8},"end":{"line":72,"column":8}}]},"3":{"line":86,"type":"if","locations":[{"start":{"line":86,"column":8},"end":{"line":86,"column":8}},{"start":{"line":86,"column":8},"end":{"line":86,"column":8}}]},"4":{"line":87,"type":"if","locations":[{"start":{"line":87,"column":8},"end":{"line":87,"column":8}},{"start":{"line":87,"column":8},"end":{"line":87,"column":8}}]},"5":{"line":103,"type":"if","locations":[{"start":{"line":103,"column":8},"end":{"line":103,"column":8}},{"start":{"line":103,"column":8},"end":{"line":103,"column":8}}]},"6":{"line":145,"type":"if","locations":[{"start":{"line":145,"column":8},"end":{"line":145,"column":8}},{"start":{"line":145,"column":8},"end":{"line":145,"column":8}}]},"7":{"line":160,"type":"if","locations":[{"start":{"line":160,"column":8},"end":{"line":160,"column":8}},{"start":{"line":160,"column":8},"end":{"line":160,"column":8}}]}}},"contracts/modules/tokenswap/TokenSwapModule.sol":{"l":{"138":68,"139":67,"140":66,"141":65,"142":64,"145":63,"146":63,"152":61,"153":234,"154":343,"158":60,"159":60,"160":226,"167":58,"179":58,"181":58,"183":58,"185":58,"195":58,"228":69,"229":201,"230":201,"231":158,"234":68,"258":32,"259":32,"260":3,"263":29,"264":29,"265":29,"266":87,"267":87,"268":87,"269":243,"270":156,"276":87,"279":87,"280":6,"284":23,"296":19,"298":19,"302":17,"304":17,"308":17,"317":17,"320":17,"321":17,"322":60,"328":17,"342":17,"344":17,"345":17,"346":60,"347":60,"348":60,"349":60,"355":174,"356":174,"358":174,"359":113,"360":113,"363":174,"364":61,"365":61,"366":61,"368":61,"369":59,"372":61,"373":61,"397":74,"412":33,"413":33,"429":67,"430":67,"438":87,"442":85,"450":20,"451":19},"path":"/Users/marvingross/Documents/develop/curve/deals-contracts/contracts/modules/tokenswap/TokenSwapModule.sol","s":{"1":68,"2":67,"3":66,"4":65,"5":64,"6":63,"7":63,"8":61,"9":234,"10":343,"11":60,"12":60,"13":226,"14":58,"15":58,"16":58,"17":58,"18":58,"19":69,"20":201,"21":201,"22":158,"23":68,"24":32,"25":32,"26":3,"27":29,"28":29,"29":29,"30":87,"31":87,"32":87,"33":243,"34":87,"35":87,"36":6,"37":23,"38":19,"39":19,"40":17,"41":17,"42":17,"43":17,"44":17,"45":17,"46":60,"47":17,"48":17,"49":17,"50":17,"51":60,"52":60,"53":60,"54":60,"55":174,"56":174,"57":174,"58":113,"59":113,"60":174,"61":61,"62":61,"63":61,"64":61,"65":59,"66":61,"67":61,"68":74,"69":33,"70":33,"71":67,"72":67,"73":87,"74":20},"b":{"1":[67,1],"2":[66,1],"3":[65,1],"4":[64,1],"5":[63,1],"6":[61,2],"7":[342,1],"8":[224,2],"9":[158,43],"10":[3,29],"11":[156,87],"12":[6,81],"13":[17,2],"14":[60,0],"15":[113,61],"16":[61,113],"17":[59,2],"18":[85,2],"19":[19,1]},"f":{"1":8,"2":68,"3":69,"4":32,"5":19,"6":17,"7":74,"8":33,"9":67,"10":87,"11":20,"12":0},"fnMap":{"1":{"name":"constructor","line":107,"loc":{"start":{"line":107,"column":4},"end":{"line":107,"column":71}}},"2":{"name":"_createSwap","line":130,"loc":{"start":{"line":130,"column":4},"end":{"line":196,"column":4}}},"3":{"name":"createSwap","line":220,"loc":{"start":{"line":220,"column":4},"end":{"line":244,"column":4}}},"4":{"name":"checkExecutability","line":255,"loc":{"start":{"line":252,"column":4},"end":{"line":285,"column":4}}},"5":{"name":"executeSwap","line":294,"loc":{"start":{"line":291,"column":4},"end":{"line":329,"column":4}}},"6":{"name":"_distributeTokens","line":338,"loc":{"start":{"line":338,"column":4},"end":{"line":385,"column":4}}},"7":{"name":"getTokenswapFromMetadata","line":392,"loc":{"start":{"line":392,"column":4},"end":{"line":398,"column":4}}},"8":{"name":"hasDealExpired","line":409,"loc":{"start":{"line":405,"column":4},"end":{"line":417,"column":4}}},"9":{"name":"_metadataDoesNotExist","line":424,"loc":{"start":{"line":424,"column":4},"end":{"line":431,"column":4}}},"10":{"name":"validDealId","line":437,"loc":{"start":{"line":437,"column":4},"end":{"line":443,"column":4}}},"11":{"name":"isNotExecuted","line":449,"loc":{"start":{"line":449,"column":4},"end":{"line":452,"column":4}}},"12":{"name":null,"line":454,"loc":{"start":{"line":454,"column":4},"end":{"line":454,"column":33}}}},"statementMap":{"1":{"start":{"line":138,"column":8},"end":{"line":138,"column":61}},"2":{"start":{"line":139,"column":8},"end":{"line":139,"column":78}},"3":{"start":{"line":140,"column":8},"end":{"line":140,"column":63}},"4":{"start":{"line":141,"column":8},"end":{"line":141,"column":65}},"5":{"start":{"line":142,"column":8},"end":{"line":142,"column":60}},"6":{"start":{"line":145,"column":8},"end":{"line":145,"column":46}},"7":{"start":{"line":146,"column":8},"end":{"line":146,"column":6441}},"8":{"start":{"line":152,"column":8},"end":{"line":152,"column":6630}},"9":{"start":{"line":153,"column":12},"end":{"line":153,"column":6756}},"10":{"start":{"line":154,"column":16},"end":{"line":154,"column":78}},"11":{"start":{"line":158,"column":8},"end":{"line":158,"column":38}},"12":{"start":{"line":159,"column":8},"end":{"line":159,"column":6904}},"13":{"start":{"line":160,"column":12},"end":{"line":160,"column":6960}},"14":{"start":{"line":167,"column":8},"end":{"line":167,"column":7150}},"15":{"start":{"line":181,"column":8},"end":{"line":181,"column":34}},"16":{"start":{"line":183,"column":8},"end":{"line":183,"column":47}},"17":{"start":{"line":185,"column":8},"end":{"line":185,"column":7562}},"18":{"start":{"line":195,"column":8},"end":{"line":195,"column":25}},"19":{"start":{"line":228,"column":8},"end":{"line":228,"column":9620}},"20":{"start":{"line":229,"column":12},"end":{"line":229,"column":34}},"21":{"start":{"line":230,"column":12},"end":{"line":230,"column":9713}},"22":{"start":{"line":231,"column":16},"end":{"line":231,"column":55}},"23":{"start":{"line":234,"column":8},"end":{"line":234,"column":9846}},"24":{"start":{"line":258,"column":8},"end":{"line":258,"column":49}},"25":{"start":{"line":259,"column":8},"end":{"line":259,"column":10586}},"26":{"start":{"line":260,"column":12},"end":{"line":260,"column":24}},"27":{"start":{"line":263,"column":8},"end":{"line":263,"column":38}},"28":{"start":{"line":264,"column":8},"end":{"line":264,"column":43}},"29":{"start":{"line":265,"column":8},"end":{"line":265,"column":10747}},"30":{"start":{"line":266,"column":12},"end":{"line":266,"column":47}},"31":{"start":{"line":267,"column":12},"end":{"line":267,"column":46}},"32":{"start":{"line":268,"column":12},"end":{"line":268,"column":10905}},"33":{"start":{"line":269,"column":16},"end":{"line":269,"column":10969}},"34":{"start":{"line":276,"column":16},"end":{"line":276,"column":11339}},"35":{"start":{"line":279,"column":16},"end":{"line":279,"column":11472}},"36":{"start":{"line":280,"column":20},"end":{"line":280,"column":32}},"37":{"start":{"line":284,"column":8},"end":{"line":284,"column":19}},"38":{"start":{"line":296,"column":8},"end":{"line":296,"column":50}},"39":{"start":{"line":298,"column":8},"end":{"line":298,"column":73}},"40":{"start":{"line":302,"column":8},"end":{"line":302,"column":27}},"41":{"start":{"line":304,"column":8},"end":{"line":304,"column":49}},"42":{"start":{"line":308,"column":8},"end":{"line":308,"column":12342}},"43":{"start":{"line":317,"column":8},"end":{"line":317,"column":68}},"44":{"start":{"line":320,"column":8},"end":{"line":320,"column":51}},"45":{"start":{"line":321,"column":8},"end":{"line":321,"column":12815}},"46":{"start":{"line":322,"column":12},"end":{"line":322,"column":12876}},"47":{"start":{"line":328,"column":8},"end":{"line":328,"column":67}},"48":{"start":{"line":342,"column":8},"end":{"line":342,"column":52}},"49":{"start":{"line":344,"column":8},"end":{"line":344,"column":52}},"50":{"start":{"line":345,"column":8},"end":{"line":345,"column":13779}},"51":{"start":{"line":346,"column":12},"end":{"line":346,"column":47}},"52":{"start":{"line":347,"column":12},"end":{"line":347,"column":41}},"53":{"start":{"line":348,"column":12},"end":{"line":348,"column":52}},"54":{"start":{"line":349,"column":12},"end":{"line":349,"column":13986}},"55":{"start":{"line":355,"column":16},"end":{"line":355,"column":44}},"56":{"start":{"line":356,"column":16},"end":{"line":356,"column":49}},"57":{"start":{"line":358,"column":16},"end":{"line":358,"column":14390}},"58":{"start":{"line":359,"column":20},"end":{"line":359,"column":43}},"59":{"start":{"line":360,"column":20},"end":{"line":360,"column":64}},"60":{"start":{"line":363,"column":16},"end":{"line":363,"column":14557}},"61":{"start":{"line":364,"column":20},"end":{"line":364,"column":42}},"62":{"start":{"line":365,"column":20},"end":{"line":365,"column":77}},"63":{"start":{"line":366,"column":20},"end":{"line":366,"column":14761}},"64":{"start":{"line":368,"column":20},"end":{"line":368,"column":14843}},"65":{"start":{"line":369,"column":24},"end":{"line":369,"column":76}},"66":{"start":{"line":372,"column":20},"end":{"line":372,"column":72}},"67":{"start":{"line":373,"column":20},"end":{"line":373,"column":15066}},"68":{"start":{"line":397,"column":8},"end":{"line":397,"column":54}},"69":{"start":{"line":412,"column":8},"end":{"line":412,"column":51}},"70":{"start":{"line":413,"column":8},"end":{"line":413,"column":16417}},"71":{"start":{"line":429,"column":8},"end":{"line":429,"column":65}},"72":{"start":{"line":430,"column":8},"end":{"line":430,"column":31}},"73":{"start":{"line":438,"column":8},"end":{"line":438,"column":17251}},"74":{"start":{"line":450,"column":8},"end":{"line":450,"column":77}}},"branchMap":{"1":{"line":138,"type":"if","locations":[{"start":{"line":138,"column":8},"end":{"line":138,"column":8}},{"start":{"line":138,"column":8},"end":{"line":138,"column":8}}]},"2":{"line":139,"type":"if","locations":[{"start":{"line":139,"column":8},"end":{"line":139,"column":8}},{"start":{"line":139,"column":8},"end":{"line":139,"column":8}}]},"3":{"line":140,"type":"if","locations":[{"start":{"line":140,"column":8},"end":{"line":140,"column":8}},{"start":{"line":140,"column":8},"end":{"line":140,"column":8}}]},"4":{"line":141,"type":"if","locations":[{"start":{"line":141,"column":8},"end":{"line":141,"column":8}},{"start":{"line":141,"column":8},"end":{"line":141,"column":8}}]},"5":{"line":142,"type":"if","locations":[{"start":{"line":142,"column":8},"end":{"line":142,"column":8}},{"start":{"line":142,"column":8},"end":{"line":142,"column":8}}]},"6":{"line":146,"type":"if","locations":[{"start":{"line":146,"column":8},"end":{"line":146,"column":8}},{"start":{"line":146,"column":8},"end":{"line":146,"column":8}}]},"7":{"line":154,"type":"if","locations":[{"start":{"line":154,"column":16},"end":{"line":154,"column":16}},{"start":{"line":154,"column":16},"end":{"line":154,"column":16}}]},"8":{"line":160,"type":"if","locations":[{"start":{"line":160,"column":12},"end":{"line":160,"column":12}},{"start":{"line":160,"column":12},"end":{"line":160,"column":12}}]},"9":{"line":230,"type":"if","locations":[{"start":{"line":230,"column":12},"end":{"line":230,"column":12}},{"start":{"line":230,"column":12},"end":{"line":230,"column":12}}]},"10":{"line":259,"type":"if","locations":[{"start":{"line":259,"column":8},"end":{"line":259,"column":8}},{"start":{"line":259,"column":8},"end":{"line":259,"column":8}}]},"11":{"line":269,"type":"if","locations":[{"start":{"line":269,"column":16},"end":{"line":269,"column":16}},{"start":{"line":269,"column":16},"end":{"line":269,"column":16}}]},"12":{"line":279,"type":"if","locations":[{"start":{"line":279,"column":16},"end":{"line":279,"column":16}},{"start":{"line":279,"column":16},"end":{"line":279,"column":16}}]},"13":{"line":298,"type":"if","locations":[{"start":{"line":298,"column":8},"end":{"line":298,"column":8}},{"start":{"line":298,"column":8},"end":{"line":298,"column":8}}]},"14":{"line":322,"type":"if","locations":[{"start":{"line":322,"column":12},"end":{"line":322,"column":12}},{"start":{"line":322,"column":12},"end":{"line":322,"column":12}}]},"15":{"line":358,"type":"if","locations":[{"start":{"line":358,"column":16},"end":{"line":358,"column":16}},{"start":{"line":358,"column":16},"end":{"line":358,"column":16}}]},"16":{"line":363,"type":"if","locations":[{"start":{"line":363,"column":16},"end":{"line":363,"column":16}},{"start":{"line":363,"column":16},"end":{"line":363,"column":16}}]},"17":{"line":368,"type":"if","locations":[{"start":{"line":368,"column":20},"end":{"line":368,"column":20}},{"start":{"line":368,"column":20},"end":{"line":368,"column":20}}]},"18":{"line":438,"type":"if","locations":[{"start":{"line":438,"column":8},"end":{"line":438,"column":8}},{"start":{"line":438,"column":8},"end":{"line":438,"column":8}}]},"19":{"line":450,"type":"if","locations":[{"start":{"line":450,"column":8},"end":{"line":450,"column":8}},{"start":{"line":450,"column":8},"end":{"line":450,"column":8}}]}}},"contracts/tests/ERC20Mock.sol":{"l":{"12":33,"13":33,"14":33},"path":"/Users/marvingross/Documents/develop/curve/deals-contracts/contracts/tests/ERC20Mock.sol","s":{"1":33,"2":33,"3":33},"b":{"1":[33,0],"2":[33,0]},"f":{"1":33},"fnMap":{"1":{"name":"constructor","line":10,"loc":{"start":{"line":9,"column":4},"end":{"line":15,"column":4}}}},"statementMap":{"1":{"start":{"line":12,"column":8},"end":{"line":12,"column":63}},"2":{"start":{"line":13,"column":8},"end":{"line":13,"column":36}},"3":{"start":{"line":14,"column":8},"end":{"line":14,"column":67}}},"branchMap":{"1":{"line":12,"type":"if","locations":[{"start":{"line":12,"column":8},"end":{"line":12,"column":8}},{"start":{"line":12,"column":8},"end":{"line":12,"column":8}}]},"2":{"line":14,"type":"if","locations":[{"start":{"line":14,"column":8},"end":{"line":14,"column":8}},{"start":{"line":14,"column":8},"end":{"line":14,"column":8}}]}}},"contracts/tests/PrimeToken.sol":{"l":{"24":0,"25":0},"path":"/Users/marvingross/Documents/develop/curve/deals-contracts/contracts/tests/PrimeToken.sol","s":{"1":0,"2":0},"b":{"1":[0,0]},"f":{"1":0},"fnMap":{"1":{"name":"constructor","line":23,"loc":{"start":{"line":19,"column":4},"end":{"line":26,"column":4}}}},"statementMap":{"1":{"start":{"line":24,"column":8},"end":{"line":24,"column":36}},"2":{"start":{"line":25,"column":8},"end":{"line":25,"column":50}}},"branchMap":{"1":{"line":24,"type":"if","locations":[{"start":{"line":24,"column":8},"end":{"line":24,"column":8}},{"start":{"line":24,"column":8},"end":{"line":24,"column":8}}]}}},"contracts/tests/TestToken.sol":{"l":{"10":14,"11":14,"12":14},"path":"/Users/marvingross/Documents/develop/curve/deals-contracts/contracts/tests/TestToken.sol","s":{"1":14,"2":14,"3":14},"b":{"1":[14,0],"2":[14,0]},"f":{"1":14},"fnMap":{"1":{"name":"constructor","line":9,"loc":{"start":{"line":9,"column":4},"end":{"line":13,"column":4}}}},"statementMap":{"1":{"start":{"line":10,"column":8},"end":{"line":10,"column":60}},"2":{"start":{"line":11,"column":8},"end":{"line":11,"column":36}},"3":{"start":{"line":12,"column":8},"end":{"line":12,"column":64}}},"branchMap":{"1":{"line":10,"type":"if","locations":[{"start":{"line":10,"column":8},"end":{"line":10,"column":8}},{"start":{"line":10,"column":8},"end":{"line":10,"column":8}}]},"2":{"line":12,"type":"if","locations":[{"start":{"line":12,"column":8},"end":{"line":12,"column":8}},{"start":{"line":12,"column":8},"end":{"line":12,"column":8}}]}}},"contracts/utils/interfaces/IBalancerV2.sol":{"l":{},"path":"/Users/marvingross/Documents/develop/curve/deals-contracts/contracts/utils/interfaces/IBalancerV2.sol","s":{},"b":{},"f":{},"fnMap":{},"statementMap":{},"branchMap":{}},"contracts/utils/interfaces/IDaoDepositManager.sol":{"l":{},"path":"/Users/marvingross/Documents/develop/curve/deals-contracts/contracts/utils/interfaces/IDaoDepositManager.sol","s":{},"b":{},"f":{},"fnMap":{},"statementMap":{},"branchMap":{}},"contracts/utils/interfaces/IDealManager.sol":{"l":{},"path":"/Users/marvingross/Documents/develop/curve/deals-contracts/contracts/utils/interfaces/IDealManager.sol","s":{},"b":{},"f":{},"fnMap":{},"statementMap":{},"branchMap":{}},"contracts/utils/interfaces/IGnosisSafe.sol":{"l":{},"path":"/Users/marvingross/Documents/develop/curve/deals-contracts/contracts/utils/interfaces/IGnosisSafe.sol","s":{},"b":{},"f":{},"fnMap":{},"statementMap":{},"branchMap":{}},"contracts/utils/interfaces/IModuleBase.sol":{"l":{},"path":"/Users/marvingross/Documents/develop/curve/deals-contracts/contracts/utils/interfaces/IModuleBase.sol","s":{},"b":{},"f":{},"fnMap":{},"statementMap":{},"branchMap":{}},"contracts/utils/interfaces/IUniswapV2Factory.sol":{"l":{},"path":"/Users/marvingross/Documents/develop/curve/deals-contracts/contracts/utils/interfaces/IUniswapV2Factory.sol","s":{},"b":{},"f":{},"fnMap":{},"statementMap":{},"branchMap":{}},"contracts/utils/interfaces/IUniswapV2Router01.sol":{"l":{},"path":"/Users/marvingross/Documents/develop/curve/deals-contracts/contracts/utils/interfaces/IUniswapV2Router01.sol","s":{},"b":{},"f":{},"fnMap":{},"statementMap":{},"branchMap":{}},"contracts/utils/interfaces/IUniswapV2Router02.sol":{"l":{},"path":"/Users/marvingross/Documents/develop/curve/deals-contracts/contracts/utils/interfaces/IUniswapV2Router02.sol","s":{},"b":{},"f":{},"fnMap":{},"statementMap":{},"branchMap":{}},"contracts/utils/interfaces/IWETH.sol":{"l":{},"path":"/Users/marvingross/Documents/develop/curve/deals-contracts/contracts/utils/interfaces/IWETH.sol","s":{},"b":{},"f":{},"fnMap":{},"statementMap":{},"branchMap":{}}}